TN:
SF:apps\admin-service\src\app.module.ts
FN:29,(anonymous_1)
FN:41,(anonymous_2)
FN:64,(anonymous_3)
FNF:3
FNH:0
FNDA:0,(anonymous_1)
FNDA:0,(anonymous_2)
FNDA:0,(anonymous_3)
DA:1,0
DA:2,0
DA:3,0
DA:4,0
DA:5,0
DA:6,0
DA:8,0
DA:9,0
DA:10,0
DA:11,0
DA:12,0
DA:13,0
DA:29,0
DA:41,0
DA:64,0
DA:80,0
LF:16
LH:0
BRF:0
BRH:0
end_of_record
TN:
SF:apps\admin-service\src\filters\all-exceptions.filter.ts
FN:12,(anonymous_1)
FN:15,(anonymous_2)
FNF:2
FNH:0
FNDA:0,(anonymous_1)
FNDA:0,(anonymous_2)
DA:1,0
DA:12,0
DA:13,0
DA:16,0
DA:17,0
DA:18,0
DA:25,0
DA:26,0
DA:27,0
DA:29,0
DA:30,0
DA:31,0
DA:33,0
DA:34,0
DA:37,0
DA:38,0
DA:39,0
DA:43,0
DA:54,0
DA:55,0
DA:56,0
DA:57,0
DA:61,0
LF:23
LH:0
BRDA:25,0,0,0
BRDA:25,0,1,0
BRDA:29,1,0,0
BRDA:29,1,1,0
BRDA:29,2,0,0
BRDA:29,2,1,0
BRDA:30,3,0,0
BRDA:30,3,1,0
BRDA:31,4,0,0
BRDA:31,4,1,0
BRDA:54,5,0,0
BRDA:54,5,1,0
BRDA:56,6,0,0
BRF:13
BRH:0
end_of_record
TN:
SF:apps\admin-service\src\interceptors\response.interceptor.ts
FN:19,(anonymous_1)
FN:21,(anonymous_2)
FN:38,(anonymous_3)
FNF:3
FNH:0
FNDA:0,(anonymous_1)
FNDA:0,(anonymous_2)
FNDA:0,(anonymous_3)
DA:1,0
DA:8,0
DA:18,0
DA:20,0
DA:23,0
DA:24,0
DA:28,0
DA:39,0
DA:40,0
DA:41,0
DA:44,0
DA:45,0
DA:46,0
DA:47,0
DA:50,0
DA:51,0
DA:54,0
DA:55,0
DA:59,0
LF:19
LH:0
BRDA:23,0,0,0
BRDA:23,1,0,0
BRDA:23,1,1,0
BRDA:23,1,2,0
BRDA:41,2,0,0
BRDA:41,2,1,0
BRDA:44,3,0,0
BRDA:45,4,0,0
BRDA:46,5,0,0
BRDA:50,6,0,0
BRDA:50,7,0,0
BRDA:50,7,1,0
BRDA:54,8,0,0
BRF:13
BRH:0
end_of_record
TN:
SF:apps\admin-service\src\modules\admin\admin.controller.ts
FN:39,(anonymous_4)
FN:47,(anonymous_5)
FN:55,(anonymous_6)
FN:69,(anonymous_7)
FN:78,(anonymous_8)
FN:87,(anonymous_9)
FN:97,(anonymous_10)
FN:107,(anonymous_11)
FN:116,(anonymous_12)
FN:124,(anonymous_13)
FN:133,(anonymous_14)
FN:143,(anonymous_15)
FN:157,(anonymous_16)
FN:165,(anonymous_17)
FN:175,(anonymous_18)
FN:184,(anonymous_19)
FN:192,(anonymous_20)
FN:200,(anonymous_21)
FN:209,(anonymous_22)
FN:217,(anonymous_23)
FN:226,(anonymous_24)
FN:236,(anonymous_25)
FNF:22
FNH:0
FNDA:0,(anonymous_4)
FNDA:0,(anonymous_5)
FNDA:0,(anonymous_6)
FNDA:0,(anonymous_7)
FNDA:0,(anonymous_8)
FNDA:0,(anonymous_9)
FNDA:0,(anonymous_10)
FNDA:0,(anonymous_11)
FNDA:0,(anonymous_12)
FNDA:0,(anonymous_13)
FNDA:0,(anonymous_14)
FNDA:0,(anonymous_15)
FNDA:0,(anonymous_16)
FNDA:0,(anonymous_17)
FNDA:0,(anonymous_18)
FNDA:0,(anonymous_19)
FNDA:0,(anonymous_20)
FNDA:0,(anonymous_21)
FNDA:0,(anonymous_22)
FNDA:0,(anonymous_23)
FNDA:0,(anonymous_24)
FNDA:0,(anonymous_25)
DA:1,0
DA:14,0
DA:22,0
DA:23,0
DA:24,0
DA:25,0
DA:26,0
DA:38,0
DA:39,0
DA:47,0
DA:48,0
DA:55,0
DA:56,0
DA:69,0
DA:70,0
DA:78,0
DA:79,0
DA:87,0
DA:88,0
DA:97,0
DA:98,0
DA:107,0
DA:108,0
DA:116,0
DA:117,0
DA:124,0
DA:125,0
DA:133,0
DA:134,0
DA:143,0
DA:144,0
DA:157,0
DA:158,0
DA:165,0
DA:166,0
DA:175,0
DA:176,0
DA:184,0
DA:185,0
DA:192,0
DA:193,0
DA:200,0
DA:201,0
DA:209,0
DA:210,0
DA:217,0
DA:218,0
DA:226,0
DA:227,0
DA:236,0
DA:237,0
LF:51
LH:0
BRF:0
BRH:0
end_of_record
TN:
SF:apps\admin-service\src\modules\admin\admin.module.ts
FN:18,(anonymous_1)
FNF:1
FNH:0
FNDA:0,(anonymous_1)
DA:1,0
DA:2,0
DA:3,0
DA:4,0
DA:5,0
DA:6,0
DA:7,0
DA:8,0
DA:18,0
DA:30,0
LF:10
LH:0
BRF:0
BRH:0
end_of_record
TN:
SF:apps\admin-service\src\modules\admin\admin.service.ts
FN:16,(anonymous_2)
FN:23,(anonymous_3)
FN:129,(anonymous_4)
FN:133,(anonymous_5)
FN:146,(anonymous_6)
FN:177,(anonymous_7)
FN:184,(anonymous_8)
FN:203,(anonymous_9)
FN:222,(anonymous_10)
FN:251,(anonymous_11)
FN:296,(anonymous_12)
FN:317,(anonymous_13)
FN:343,(anonymous_14)
FN:356,(anonymous_15)
FN:389,(anonymous_16)
FN:412,(anonymous_17)
FN:456,(anonymous_18)
FN:484,(anonymous_19)
FN:497,(anonymous_20)
FN:519,(anonymous_21)
FN:561,(anonymous_22)
FN:591,(anonymous_23)
FN:601,(anonymous_24)
FN:631,(anonymous_25)
FN:665,(anonymous_26)
FN:673,(anonymous_27)
FN:688,(anonymous_28)
FN:694,(anonymous_29)
FN:700,(anonymous_30)
FN:713,(anonymous_31)
FNF:30
FNH:0
FNDA:0,(anonymous_2)
FNDA:0,(anonymous_3)
FNDA:0,(anonymous_4)
FNDA:0,(anonymous_5)
FNDA:0,(anonymous_6)
FNDA:0,(anonymous_7)
FNDA:0,(anonymous_8)
FNDA:0,(anonymous_9)
FNDA:0,(anonymous_10)
FNDA:0,(anonymous_11)
FNDA:0,(anonymous_12)
FNDA:0,(anonymous_13)
FNDA:0,(anonymous_14)
FNDA:0,(anonymous_15)
FNDA:0,(anonymous_16)
FNDA:0,(anonymous_17)
FNDA:0,(anonymous_18)
FNDA:0,(anonymous_19)
FNDA:0,(anonymous_20)
FNDA:0,(anonymous_21)
FNDA:0,(anonymous_22)
FNDA:0,(anonymous_23)
FNDA:0,(anonymous_24)
FNDA:0,(anonymous_25)
FNDA:0,(anonymous_26)
FNDA:0,(anonymous_27)
FNDA:0,(anonymous_28)
FNDA:0,(anonymous_29)
FNDA:0,(anonymous_30)
FNDA:0,(anonymous_31)
DA:1,0
DA:2,0
DA:3,0
DA:4,0
DA:15,0
DA:17,0
DA:18,0
DA:19,0
DA:24,0
DA:27,0
DA:29,0
DA:31,0
DA:32,0
DA:34,0
DA:36,0
DA:37,0
DA:39,0
DA:40,0
DA:42,0
DA:43,0
DA:45,0
DA:46,0
DA:48,0
DA:64,0
DA:117,0
DA:130,0
DA:131,0
DA:134,0
DA:135,0
DA:147,0
DA:148,0
DA:154,0
DA:156,0
DA:157,0
DA:158,0
DA:160,0
DA:161,0
DA:162,0
DA:164,0
DA:165,0
DA:166,0
DA:168,0
DA:169,0
DA:170,0
DA:172,0
DA:173,0
DA:177,0
DA:178,0
DA:179,0
DA:183,0
DA:185,0
DA:189,0
DA:198,0
DA:202,0
DA:204,0
DA:208,0
DA:217,0
DA:221,0
DA:223,0
DA:227,0
DA:238,0
DA:242,0
DA:260,0
DA:262,0
DA:264,0
DA:265,0
DA:271,0
DA:272,0
DA:275,0
DA:276,0
DA:279,0
DA:295,0
DA:296,0
DA:318,0
DA:336,0
DA:337,0
DA:340,0
DA:344,0
DA:346,0
DA:347,0
DA:350,0
DA:357,0
DA:359,0
DA:360,0
DA:363,0
DA:364,0
DA:368,0
DA:386,0
DA:390,0
DA:392,0
DA:393,0
DA:396,0
DA:397,0
DA:400,0
DA:408,0
DA:422,0
DA:424,0
DA:426,0
DA:427,0
DA:428,0
DA:429,0
DA:431,0
DA:445,0
DA:457,0
DA:464,0
DA:474,0
DA:485,0
DA:487,0
DA:488,0
DA:491,0
DA:498,0
DA:500,0
DA:501,0
DA:504,0
DA:505,0
DA:507,0
DA:515,0
DA:528,0
DA:530,0
DA:532,0
DA:533,0
DA:534,0
DA:536,0
DA:550,0
DA:568,0
DA:584,0
DA:592,0
DA:596,0
DA:602,0
DA:606,0
DA:607,0
DA:610,0
DA:611,0
DA:617,0
DA:627,0
DA:634,0
DA:668,0
DA:670,0
DA:676,0
DA:689,0
DA:695,0
DA:701,0
DA:703,0
DA:704,0
DA:707,0
DA:714,0
DA:716,0
DA:717,0
DA:721,0
DA:728,0
DA:729,0
DA:732,0
DA:734,0
LF:153
LH:0
BRDA:24,0,0,0
BRDA:29,1,0,0
BRDA:29,1,1,0
BRDA:31,2,0,0
BRDA:31,2,1,0
BRDA:34,3,0,0
BRDA:34,3,1,0
BRDA:34,3,2,0
BRDA:34,3,3,0
BRDA:34,3,4,0
BRDA:126,4,0,0
BRDA:126,4,1,0
BRDA:147,5,0,0
BRDA:154,6,0,0
BRDA:154,6,1,0
BRDA:154,6,2,0
BRDA:154,6,3,0
BRDA:154,6,4,0
BRDA:185,7,0,0
BRDA:185,7,1,0
BRDA:204,8,0,0
BRDA:204,8,1,0
BRDA:223,9,0,0
BRDA:223,9,1,0
BRDA:238,10,0,0
BRDA:238,10,1,0
BRDA:253,11,0,0
BRDA:254,12,0,0
BRDA:258,13,0,0
BRDA:259,14,0,0
BRDA:264,15,0,0
BRDA:271,16,0,0
BRDA:275,17,0,0
BRDA:306,18,0,0
BRDA:306,18,1,0
BRDA:336,19,0,0
BRDA:346,20,0,0
BRDA:359,21,0,0
BRDA:363,22,0,0
BRDA:392,23,0,0
BRDA:396,24,0,0
BRDA:414,25,0,0
BRDA:415,26,0,0
BRDA:420,27,0,0
BRDA:421,28,0,0
BRDA:426,29,0,0
BRDA:427,30,0,0
BRDA:428,31,0,0
BRDA:429,32,0,0
BRDA:457,33,0,0
BRDA:487,34,0,0
BRDA:500,35,0,0
BRDA:521,36,0,0
BRDA:522,37,0,0
BRDA:526,38,0,0
BRDA:527,39,0,0
BRDA:532,40,0,0
BRDA:533,41,0,0
BRDA:534,42,0,0
BRDA:589,43,0,0
BRDA:589,43,1,0
BRDA:594,44,0,0
BRDA:594,44,1,0
BRDA:606,45,0,0
BRDA:610,46,0,0
BRDA:703,47,0,0
BRDA:716,48,0,0
BRDA:728,49,0,0
BRF:68
BRH:0
end_of_record
TN:
SF:apps\admin-service\src\modules\admin\decorators\roles.decorator.ts
FN:3,(anonymous_0)
FNF:1
FNH:0
FNDA:0,(anonymous_0)
DA:1,0
DA:3,0
LF:2
LH:0
BRF:0
BRH:0
end_of_record
TN:
SF:apps\admin-service\src\modules\admin\dto\admin.dto.ts
FN:5,(anonymous_2)
FN:32,(anonymous_3)
FN:38,(anonymous_4)
FN:47,(anonymous_5)
FN:64,(anonymous_6)
FN:73,(anonymous_7)
FN:94,(anonymous_8)
FN:100,(anonymous_9)
FN:109,(anonymous_10)
FN:119,(anonymous_11)
FN:141,(anonymous_12)
FN:251,(anonymous_13)
FN:257,(anonymous_14)
FN:266,(anonymous_15)
FN:276,(anonymous_16)
FN:285,(anonymous_17)
FN:293,(anonymous_18)
FNF:17
FNH:0
FNDA:0,(anonymous_2)
FNDA:0,(anonymous_3)
FNDA:0,(anonymous_4)
FNDA:0,(anonymous_5)
FNDA:0,(anonymous_6)
FNDA:0,(anonymous_7)
FNDA:0,(anonymous_8)
FNDA:0,(anonymous_9)
FNDA:0,(anonymous_10)
FNDA:0,(anonymous_11)
FNDA:0,(anonymous_12)
FNDA:0,(anonymous_13)
FNDA:0,(anonymous_14)
FNDA:0,(anonymous_15)
FNDA:0,(anonymous_16)
FNDA:0,(anonymous_17)
FNDA:0,(anonymous_18)
DA:1,0
DA:2,0
DA:3,0
DA:5,0
DA:13,0
DA:21,0
DA:29,0
DA:32,0
DA:38,0
DA:40,0
DA:47,0
DA:49,0
DA:56,0
DA:64,0
DA:65,0
DA:73,0
DA:74,0
DA:82,0
DA:91,0
DA:94,0
DA:100,0
DA:102,0
DA:109,0
DA:111,0
DA:119,0
DA:120,0
DA:127,0
DA:134,0
DA:141,0
DA:142,0
DA:150,0
DA:159,0
DA:162,0
DA:174,0
DA:193,0
DA:211,0
DA:225,0
DA:241,0
DA:248,0
DA:251,0
DA:257,0
DA:259,0
DA:266,0
DA:268,0
DA:276,0
DA:277,0
DA:285,0
DA:286,0
DA:293,0
DA:294,0
DA:302,0
DA:311,0
LF:52
LH:0
BRDA:64,0,0,0
BRDA:64,0,1,0
BRDA:73,1,0,0
BRDA:73,1,1,0
BRDA:119,2,0,0
BRDA:119,2,1,0
BRDA:141,3,0,0
BRDA:141,3,1,0
BRDA:276,4,0,0
BRDA:276,4,1,0
BRDA:285,5,0,0
BRDA:285,5,1,0
BRDA:293,6,0,0
BRDA:293,6,1,0
BRF:14
BRH:0
end_of_record
TN:
SF:apps\admin-service\src\modules\admin\guards\admin-auth.guard.ts
FN:13,(anonymous_2)
FN:18,(anonymous_3)
FN:46,(anonymous_4)
FNF:3
FNH:0
FNDA:0,(anonymous_2)
FNDA:0,(anonymous_3)
FNDA:0,(anonymous_4)
DA:1,0
DA:7,0
DA:8,0
DA:12,0
DA:14,0
DA:15,0
DA:19,0
DA:20,0
DA:22,0
DA:23,0
DA:26,0
DA:27,0
DA:28,0
DA:31,0
DA:32,0
DA:36,0
DA:37,0
DA:39,0
DA:40,0
DA:42,0
DA:47,0
DA:48,0
LF:22
LH:0
BRDA:22,0,0,0
BRDA:31,1,0,0
BRDA:39,2,0,0
BRDA:47,3,0,0
BRDA:47,3,1,0
BRDA:48,4,0,0
BRDA:48,4,1,0
BRF:7
BRH:0
end_of_record
TN:
SF:apps\admin-service\src\modules\admin\guards\role.guard.ts
FN:11,(anonymous_2)
FN:13,(anonymous_3)
FNF:2
FNH:0
FNDA:0,(anonymous_2)
FNDA:0,(anonymous_3)
DA:1,0
DA:7,0
DA:10,0
DA:11,0
DA:14,0
DA:16,0
DA:17,0
DA:20,0
DA:21,0
DA:23,0
DA:24,0
DA:27,0
DA:29,0
DA:30,0
DA:33,0
LF:15
LH:0
BRDA:16,0,0,0
BRDA:23,1,0,0
BRDA:29,2,0,0
BRF:3
BRH:0
end_of_record
TN:
SF:apps\admin-service\src\modules\ai-config\ai-config.controller.ts
FN:17,(anonymous_4)
FN:22,(anonymous_5)
FN:29,(anonymous_6)
FN:38,(anonymous_7)
FNF:4
FNH:0
FNDA:0,(anonymous_4)
FNDA:0,(anonymous_5)
FNDA:0,(anonymous_6)
FNDA:0,(anonymous_7)
DA:1,0
DA:2,0
DA:3,0
DA:4,0
DA:9,0
DA:10,0
DA:11,0
DA:16,0
DA:17,0
DA:22,0
DA:23,0
DA:29,0
DA:32,0
DA:38,0
DA:45,0
LF:15
LH:0
BRF:0
BRH:0
end_of_record
TN:
SF:apps\admin-service\src\modules\ai-config\ai-config.module.ts
FN:17,(anonymous_1)
FNF:1
FNH:0
FNDA:0,(anonymous_1)
DA:1,0
DA:2,0
DA:3,0
DA:4,0
DA:5,0
DA:6,0
DA:7,0
DA:17,0
DA:27,0
LF:9
LH:0
BRDA:18,0,0,0
BRDA:18,0,1,0
BRF:2
BRH:0
end_of_record
TN:
SF:apps\admin-service\src\modules\ai-config\ai-config.service.ts
FN:18,(anonymous_2)
FN:23,(anonymous_3)
FN:39,(anonymous_4)
FN:52,(anonymous_5)
FN:57,(anonymous_6)
FN:81,(anonymous_7)
FN:143,(anonymous_8)
FN:191,(anonymous_9)
FN:240,(anonymous_10)
FN:267,(anonymous_11)
FN:298,(anonymous_12)
FN:324,(anonymous_13)
FN:328,(anonymous_14)
FN:335,(anonymous_15)
FN:341,(anonymous_16)
FN:351,(anonymous_17)
FN:366,(anonymous_18)
FNF:17
FNH:0
FNDA:0,(anonymous_2)
FNDA:0,(anonymous_3)
FNDA:0,(anonymous_4)
FNDA:0,(anonymous_5)
FNDA:0,(anonymous_6)
FNDA:0,(anonymous_7)
FNDA:0,(anonymous_8)
FNDA:0,(anonymous_9)
FNDA:0,(anonymous_10)
FNDA:0,(anonymous_11)
FNDA:0,(anonymous_12)
FNDA:0,(anonymous_13)
FNDA:0,(anonymous_14)
FNDA:0,(anonymous_15)
FNDA:0,(anonymous_16)
FNDA:0,(anonymous_17)
FNDA:0,(anonymous_18)
DA:1,0
DA:2,0
DA:9,0
DA:10,0
DA:13,0
DA:14,0
DA:15,0
DA:16,0
DA:18,0
DA:24,0
DA:28,0
DA:30,0
DA:35,0
DA:36,0
DA:39,0
DA:44,0
DA:54,0
DA:57,0
DA:63,0
DA:75,0
DA:86,0
DA:88,0
DA:90,0
DA:97,0
DA:99,0
DA:100,0
DA:102,0
DA:103,0
DA:105,0
DA:106,0
DA:108,0
DA:109,0
DA:111,0
DA:112,0
DA:115,0
DA:116,0
DA:119,0
DA:120,0
DA:122,0
DA:125,0
DA:127,0
DA:133,0
DA:145,0
DA:146,0
DA:147,0
DA:151,0
DA:154,0
DA:155,0
DA:157,0
DA:158,0
DA:159,0
DA:161,0
DA:164,0
DA:168,0
DA:185,0
DA:193,0
DA:194,0
DA:195,0
DA:199,0
DA:202,0
DA:203,0
DA:205,0
DA:206,0
DA:207,0
DA:209,0
DA:212,0
DA:216,0
DA:234,0
DA:241,0
DA:245,0
DA:261,0
DA:268,0
DA:272,0
DA:292,0
DA:299,0
DA:303,0
DA:318,0
DA:325,0
DA:328,0
DA:329,0
DA:330,0
DA:331,0
DA:335,0
DA:336,0
DA:337,0
DA:341,0
DA:342,0
DA:343,0
DA:352,0
DA:353,0
DA:358,0
DA:359,0
DA:360,0
DA:367,0
DA:368,0
DA:369,0
DA:370,0
DA:371,0
DA:376,0
DA:377,0
DA:378,0
DA:381,0
LF:102
LH:0
BRDA:14,0,0,0
BRDA:14,0,1,0
BRDA:28,1,0,0
BRDA:36,2,0,0
BRDA:36,2,1,0
BRDA:97,3,0,0
BRDA:97,3,1,0
BRDA:97,3,2,0
BRDA:97,3,3,0
BRDA:97,3,4,0
BRDA:97,3,5,0
BRDA:97,3,6,0
BRDA:97,3,7,0
BRDA:146,4,0,0
BRDA:155,5,0,0
BRDA:157,6,0,0
BRDA:157,6,1,0
BRDA:159,7,0,0
BRDA:159,7,1,0
BRDA:174,8,0,0
BRDA:174,8,1,0
BRDA:194,9,0,0
BRDA:203,10,0,0
BRDA:205,11,0,0
BRDA:205,11,1,0
BRDA:207,12,0,0
BRDA:207,12,1,0
BRDA:222,13,0,0
BRDA:222,13,1,0
BRDA:241,14,0,0
BRDA:241,14,1,0
BRDA:268,15,0,0
BRDA:268,15,1,0
BRDA:299,16,0,0
BRDA:299,16,1,0
BRDA:330,17,0,0
BRDA:336,18,0,0
BRDA:342,19,0,0
BRDA:342,20,0,0
BRDA:342,20,1,0
BRDA:342,20,2,0
BRDA:342,20,3,0
BRDA:342,20,4,0
BRF:43
BRH:0
end_of_record
TN:
SF:apps\admin-service\src\modules\analytics\analytics.controller.ts
FN:23,(anonymous_4)
FN:27,(anonymous_5)
FN:37,(anonymous_6)
FN:47,(anonymous_7)
FN:55,(anonymous_8)
FN:63,(anonymous_9)
FN:73,(anonymous_10)
FN:83,(anonymous_11)
FN:93,(anonymous_12)
FNF:9
FNH:0
FNDA:0,(anonymous_4)
FNDA:0,(anonymous_5)
FNDA:0,(anonymous_6)
FNDA:0,(anonymous_7)
FNDA:0,(anonymous_8)
FNDA:0,(anonymous_9)
FNDA:0,(anonymous_10)
FNDA:0,(anonymous_11)
FNDA:0,(anonymous_12)
DA:1,0
DA:10,0
DA:11,0
DA:12,0
DA:13,0
DA:14,0
DA:22,0
DA:23,0
DA:27,0
DA:29,0
DA:30,0
DA:37,0
DA:38,0
DA:39,0
DA:40,0
DA:47,0
DA:48,0
DA:55,0
DA:56,0
DA:63,0
DA:64,0
DA:65,0
DA:66,0
DA:73,0
DA:74,0
DA:75,0
DA:76,0
DA:83,0
DA:84,0
DA:85,0
DA:86,0
DA:93,0
DA:94,0
DA:95,0
DA:96,0
LF:35
LH:0
BRDA:29,0,0,0
BRDA:29,0,1,0
BRDA:38,1,0,0
BRDA:38,1,1,0
BRDA:39,2,0,0
BRDA:39,2,1,0
BRDA:47,3,0,0
BRDA:55,4,0,0
BRDA:64,5,0,0
BRDA:64,5,1,0
BRDA:65,6,0,0
BRDA:65,6,1,0
BRDA:74,7,0,0
BRDA:74,7,1,0
BRDA:75,8,0,0
BRDA:75,8,1,0
BRDA:85,9,0,0
BRDA:85,9,1,0
BRDA:94,10,0,0
BRDA:94,10,1,0
BRDA:95,11,0,0
BRDA:95,11,1,0
BRF:22
BRH:0
end_of_record
TN:
SF:apps\admin-service\src\modules\analytics\analytics.module.ts
FN:13,(anonymous_1)
FNF:1
FNH:0
FNDA:0,(anonymous_1)
DA:1,0
DA:2,0
DA:3,0
DA:4,0
DA:5,0
DA:6,0
DA:13,0
DA:26,0
LF:8
LH:0
BRF:0
BRH:0
end_of_record
TN:
SF:apps\admin-service\src\modules\analytics\analytics.service.ts
FN:9,(anonymous_2)
FN:14,(anonymous_3)
FN:16,(anonymous_4)
FN:41,(anonymous_5)
FN:73,(anonymous_6)
FN:148,(anonymous_7)
FN:167,(anonymous_8)
FN:173,(anonymous_9)
FN:182,(anonymous_10)
FN:196,(anonymous_11)
FN:205,(anonymous_12)
FN:245,(anonymous_13)
FN:249,(anonymous_14)
FN:261,(anonymous_15)
FN:299,(anonymous_16)
FN:303,(anonymous_17)
FN:308,(anonymous_18)
FN:314,(anonymous_19)
FN:325,(anonymous_20)
FN:337,(anonymous_21)
FN:380,(anonymous_22)
FNF:21
FNH:0
FNDA:0,(anonymous_2)
FNDA:0,(anonymous_3)
FNDA:0,(anonymous_4)
FNDA:0,(anonymous_5)
FNDA:0,(anonymous_6)
FNDA:0,(anonymous_7)
FNDA:0,(anonymous_8)
FNDA:0,(anonymous_9)
FNDA:0,(anonymous_10)
FNDA:0,(anonymous_11)
FNDA:0,(anonymous_12)
FNDA:0,(anonymous_13)
FNDA:0,(anonymous_14)
FNDA:0,(anonymous_15)
FNDA:0,(anonymous_16)
FNDA:0,(anonymous_17)
FNDA:0,(anonymous_18)
FNDA:0,(anonymous_19)
FNDA:0,(anonymous_20)
FNDA:0,(anonymous_21)
FNDA:0,(anonymous_22)
DA:1,0
DA:2,0
DA:6,0
DA:7,0
DA:9,0
DA:15,0
DA:16,0
DA:26,0
DA:31,0
DA:33,0
DA:34,0
DA:51,0
DA:52,0
DA:65,0
DA:66,0
DA:74,0
DA:75,0
DA:76,0
DA:77,0
DA:78,0
DA:90,0
DA:133,0
DA:149,0
DA:150,0
DA:152,0
DA:167,0
DA:168,0
DA:169,0
DA:170,0
DA:173,0
DA:183,0
DA:196,0
DA:206,0
DA:207,0
DA:208,0
DA:209,0
DA:210,0
DA:214,0
DA:243,0
DA:245,0
DA:249,0
DA:262,0
DA:265,0
DA:266,0
DA:267,0
DA:268,0
DA:272,0
DA:297,0
DA:299,0
DA:303,0
DA:305,0
DA:308,0
DA:314,0
DA:327,0
DA:337,0
DA:338,0
DA:340,0
DA:341,0
DA:345,0
DA:346,0
DA:347,0
DA:348,0
DA:350,0
DA:361,0
DA:363,0
DA:371,0
DA:382,0
DA:390,0
LF:68
LH:0
BRDA:17,0,0,0
BRDA:17,0,1,0
BRDA:19,1,0,0
BRDA:19,1,1,0
BRDA:20,2,0,0
BRDA:20,2,1,0
BRDA:21,3,0,0
BRDA:21,3,1,0
BRDA:22,4,0,0
BRDA:22,4,1,0
BRDA:22,4,2,0
BRDA:23,5,0,0
BRDA:23,5,1,0
BRDA:54,6,0,0
BRDA:54,6,1,0
BRDA:57,7,0,0
BRDA:57,7,1,0
BRDA:58,8,0,0
BRDA:58,8,1,0
BRDA:59,9,0,0
BRDA:59,9,1,0
BRDA:60,10,0,0
BRDA:60,10,1,0
BRDA:61,11,0,0
BRDA:61,11,1,0
BRDA:75,12,0,0
BRDA:75,13,0,0
BRDA:75,13,1,0
BRDA:77,14,0,0
BRDA:78,15,0,0
BRDA:113,16,0,0
BRDA:113,16,1,0
BRDA:113,17,0,0
BRDA:113,17,1,0
BRDA:116,18,0,0
BRDA:116,18,1,0
BRDA:117,19,0,0
BRDA:117,19,1,0
BRDA:140,20,0,0
BRDA:140,20,1,0
BRDA:148,21,0,0
BRDA:169,22,0,0
BRDA:169,22,1,0
BRDA:182,23,0,0
BRDA:207,24,0,0
BRDA:207,25,0,0
BRDA:207,25,1,0
BRDA:209,26,0,0
BRDA:210,27,0,0
BRDA:253,28,0,0
BRDA:253,28,1,0
BRDA:254,29,0,0
BRDA:254,29,1,0
BRDA:265,30,0,0
BRDA:265,31,0,0
BRDA:265,31,1,0
BRDA:267,32,0,0
BRDA:268,33,0,0
BRDA:306,34,0,0
BRDA:306,34,1,0
BRDA:310,35,0,0
BRDA:310,35,1,0
BRDA:311,36,0,0
BRDA:311,36,1,0
BRDA:316,37,0,0
BRDA:316,37,1,0
BRDA:325,38,0,0
BRDA:340,39,0,0
BRF:68
BRH:0
end_of_record
TN:
SF:apps\admin-service\src\modules\analytics\dto\analytics.dto.ts
FNF:0
FNH:0
DA:1,0
DA:2,0
DA:4,0
DA:7,0
DA:10,0
DA:14,0
DA:19,0
DA:22,0
DA:25,0
DA:30,0
LF:10
LH:0
BRF:0
BRH:0
end_of_record
TN:
SF:apps\admin-service\src\modules\health\health.controller.ts
FN:8,(anonymous_2)
FN:13,(anonymous_3)
FN:20,(anonymous_4)
FNF:3
FNH:0
FNDA:0,(anonymous_2)
FNDA:0,(anonymous_3)
FNDA:0,(anonymous_4)
DA:1,0
DA:2,0
DA:3,0
DA:7,0
DA:8,0
DA:13,0
DA:14,0
DA:20,0
DA:21,0
LF:9
LH:0
BRF:0
BRH:0
end_of_record
TN:
SF:apps\admin-service\src\modules\health\health.module.ts
FNF:0
FNH:0
DA:1,0
DA:2,0
DA:3,0
DA:9,0
LF:4
LH:0
BRF:0
BRH:0
end_of_record
TN:
SF:apps\admin-service\src\modules\health\health.service.ts
FN:6,(anonymous_2)
FN:8,(anonymous_3)
FN:17,(anonymous_4)
FNF:3
FNH:0
FNDA:0,(anonymous_2)
FNDA:0,(anonymous_3)
FNDA:0,(anonymous_4)
DA:1,0
DA:2,0
DA:5,0
DA:6,0
DA:9,0
DA:18,0
DA:21,0
DA:22,0
DA:24,0
DA:25,0
DA:26,0
DA:27,0
DA:29,0
DA:30,0
DA:33,0
DA:35,0
LF:16
LH:0
BRDA:36,0,0,0
BRDA:36,0,1,0
BRF:2
BRH:0
end_of_record
TN:
SF:apps\admin-service\src\strategies\jwt.strategy.ts
FN:18,(anonymous_2)
FN:32,(anonymous_3)
FNF:2
FNH:0
FNDA:0,(anonymous_2)
FNDA:0,(anonymous_3)
DA:1,0
DA:2,0
DA:3,0
DA:4,0
DA:5,0
DA:17,0
DA:19,0
DA:20,0
DA:22,0
DA:33,0
DA:36,0
DA:48,0
DA:49,0
DA:52,0
DA:53,0
DA:57,0
LF:16
LH:0
BRDA:48,0,0,0
BRDA:52,1,0,0
BRF:2
BRH:0
end_of_record
TN:
SF:apps\ai-service\src\app.module.ts
FNF:0
FNH:0
DA:1,0
DA:2,0
DA:3,0
DA:4,0
DA:5,0
DA:6,0
DA:7,0
DA:19,0
LF:8
LH:0
BRF:0
BRH:0
end_of_record
TN:
SF:apps\ai-service\src\dto\conversation.dto.ts
FN:3,(anonymous_2)
FN:54,(anonymous_3)
FNF:2
FNH:0
FNDA:0,(anonymous_2)
FNDA:0,(anonymous_3)
DA:1,0
DA:3,0
DA:4,0
DA:5,0
DA:6,0
DA:7,0
DA:8,0
DA:9,0
DA:10,0
DA:13,0
DA:16,0
DA:20,0
DA:24,0
DA:28,0
DA:31,0
DA:34,0
DA:38,0
DA:42,0
DA:46,0
DA:54,0
DA:57,0
DA:61,0
DA:65,0
DA:69,0
DA:73,0
DA:77,0
LF:26
LH:0
BRDA:3,0,0,0
BRDA:3,0,1,0
BRF:2
BRH:0
end_of_record
TN:
SF:apps\ai-service\src\dto\suggestion.dto.ts
FN:3,(anonymous_2)
FN:16,(anonymous_3)
FN:22,(anonymous_4)
FNF:3
FNH:0
FNDA:0,(anonymous_2)
FNDA:0,(anonymous_3)
FNDA:0,(anonymous_4)
DA:1,0
DA:3,0
DA:4,0
DA:5,0
DA:6,0
DA:7,0
DA:8,0
DA:9,0
DA:10,0
DA:11,0
DA:12,0
DA:13,0
DA:16,0
DA:17,0
DA:18,0
DA:19,0
DA:22,0
DA:25,0
DA:29,0
DA:33,0
DA:43,0
DA:49,0
DA:52,0
DA:55,0
DA:59,0
DA:63,0
DA:72,0
DA:75,0
DA:79,0
DA:83,0
DA:87,0
LF:31
LH:0
BRDA:3,0,0,0
BRDA:3,0,1,0
BRDA:16,1,0,0
BRDA:16,1,1,0
BRF:4
BRH:0
end_of_record
TN:
SF:apps\ai-service\src\filters\all-exceptions.filter.ts
FN:12,(anonymous_1)
FNF:1
FNH:0
FNDA:0,(anonymous_1)
DA:1,0
DA:11,0
DA:13,0
DA:14,0
DA:15,0
DA:17,0
DA:18,0
DA:19,0
DA:21,0
DA:22,0
DA:23,0
DA:25,0
DA:26,0
DA:27,0
DA:29,0
DA:30,0
DA:32,0
DA:33,0
DA:34,0
DA:37,0
DA:47,0
LF:21
LH:0
BRDA:21,0,0,0
BRDA:21,0,1,0
BRDA:25,1,0,0
BRDA:25,1,1,0
BRDA:25,2,0,0
BRDA:25,2,1,0
BRDA:26,3,0,0
BRDA:26,3,1,0
BRDA:27,4,0,0
BRDA:27,4,1,0
BRDA:32,5,0,0
BRDA:44,6,0,0
BRDA:44,6,1,0
BRF:13
BRH:0
end_of_record
TN:
SF:apps\ai-service\src\interceptors\response.interceptor.ts
FN:19,(anonymous_1)
FN:21,(anonymous_2)
FNF:2
FNH:0
FNDA:0,(anonymous_1)
FNDA:0,(anonymous_2)
DA:1,0
DA:8,0
DA:18,0
DA:20,0
DA:23,0
DA:24,0
DA:28,0
LF:7
LH:0
BRDA:23,0,0,0
BRDA:23,1,0,0
BRDA:23,1,1,0
BRDA:23,1,2,0
BRF:4
BRH:0
end_of_record
TN:
SF:apps\ai-service\src\modules\assistant\assistant.controller.ts
FN:18,(anonymous_4)
FN:21,(anonymous_5)
FN:29,(anonymous_6)
FN:37,(anonymous_7)
FN:45,(anonymous_8)
FNF:5
FNH:0
FNDA:0,(anonymous_4)
FNDA:0,(anonymous_5)
FNDA:0,(anonymous_6)
FNDA:0,(anonymous_7)
FNDA:0,(anonymous_8)
DA:1,0
DA:11,0
DA:12,0
DA:13,0
DA:17,0
DA:18,0
DA:21,0
DA:25,0
DA:29,0
DA:33,0
DA:37,0
DA:41,0
DA:45,0
DA:46,0
DA:47,0
LF:15
LH:0
BRF:0
BRH:0
end_of_record
TN:
SF:apps\ai-service\src\modules\assistant\assistant.module.ts
FNF:0
FNH:0
DA:1,0
DA:2,0
DA:3,0
DA:10,0
LF:4
LH:0
BRF:0
BRH:0
end_of_record
TN:
SF:apps\ai-service\src\modules\assistant\assistant.service.ts
FN:9,(anonymous_2)
FN:14,(anonymous_3)
FN:97,(anonymous_4)
FN:156,(anonymous_5)
FN:176,(anonymous_6)
FN:190,(anonymous_7)
FN:222,(anonymous_8)
FN:244,(anonymous_9)
FN:271,(anonymous_10)
FN:291,(anonymous_11)
FN:317,(anonymous_12)
FN:338,(anonymous_13)
FN:360,(anonymous_14)
FN:388,(anonymous_15)
FN:414,(anonymous_16)
FN:425,(anonymous_17)
FN:438,(anonymous_18)
FN:448,(anonymous_19)
FN:458,(anonymous_20)
FN:469,(anonymous_21)
FN:474,(anonymous_22)
FN:478,(anonymous_23)
FN:497,(anonymous_24)
FN:509,(anonymous_25)
FN:526,(anonymous_26)
FN:546,(anonymous_27)
FN:549,(anonymous_28)
FN:557,(anonymous_29)
FN:568,(anonymous_30)
FN:576,(anonymous_31)
FN:581,(anonymous_32)
FN:590,(anonymous_33)
FN:599,(anonymous_34)
FN:608,(anonymous_35)
FNF:34
FNH:0
FNDA:0,(anonymous_2)
FNDA:0,(anonymous_3)
FNDA:0,(anonymous_4)
FNDA:0,(anonymous_5)
FNDA:0,(anonymous_6)
FNDA:0,(anonymous_7)
FNDA:0,(anonymous_8)
FNDA:0,(anonymous_9)
FNDA:0,(anonymous_10)
FNDA:0,(anonymous_11)
FNDA:0,(anonymous_12)
FNDA:0,(anonymous_13)
FNDA:0,(anonymous_14)
FNDA:0,(anonymous_15)
FNDA:0,(anonymous_16)
FNDA:0,(anonymous_17)
FNDA:0,(anonymous_18)
FNDA:0,(anonymous_19)
FNDA:0,(anonymous_20)
FNDA:0,(anonymous_21)
FNDA:0,(anonymous_22)
FNDA:0,(anonymous_23)
FNDA:0,(anonymous_24)
FNDA:0,(anonymous_25)
FNDA:0,(anonymous_26)
FNDA:0,(anonymous_27)
FNDA:0,(anonymous_28)
FNDA:0,(anonymous_29)
FNDA:0,(anonymous_30)
FNDA:0,(anonymous_31)
FNDA:0,(anonymous_32)
FNDA:0,(anonymous_33)
FNDA:0,(anonymous_34)
FNDA:0,(anonymous_35)
DA:1,0
DA:2,0
DA:3,0
DA:6,0
DA:7,0
DA:9,0
DA:16,0
DA:40,0
DA:41,0
DA:45,0
DA:47,0
DA:63,0
DA:66,0
DA:69,0
DA:72,0
DA:79,0
DA:100,0
DA:101,0
DA:102,0
DA:103,0
DA:105,0
DA:107,0
DA:110,0
DA:112,0
DA:116,0
DA:119,0
DA:127,0
DA:130,0
DA:133,0
DA:141,0
DA:147,0
DA:157,0
DA:159,0
DA:160,0
DA:163,0
DA:177,0
DA:178,0
DA:180,0
DA:181,0
DA:182,0
DA:191,0
DA:218,0
DA:219,0
DA:221,0
DA:222,0
DA:223,0
DA:226,0
DA:227,0
DA:228,0
DA:229,0
DA:233,0
DA:245,0
DA:246,0
DA:248,0
DA:250,0
DA:252,0
DA:254,0
DA:256,0
DA:258,0
DA:260,0
DA:263,0
DA:264,0
DA:273,0
DA:276,0
DA:278,0
DA:292,0
DA:294,0
DA:295,0
DA:302,0
DA:304,0
DA:318,0
DA:326,0
DA:339,0
DA:348,0
DA:361,0
DA:375,0
DA:389,0
DA:391,0
DA:392,0
DA:399,0
DA:401,0
DA:415,0
DA:426,0
DA:439,0
DA:440,0
DA:441,0
DA:442,0
DA:443,0
DA:445,0
DA:449,0
DA:455,0
DA:459,0
DA:460,0
DA:461,0
DA:463,0
DA:464,0
DA:470,0
DA:471,0
DA:475,0
DA:479,0
DA:486,0
DA:487,0
DA:488,0
DA:489,0
DA:491,0
DA:492,0
DA:494,0
DA:498,0
DA:506,0
DA:510,0
DA:527,0
DA:547,0
DA:549,0
DA:550,0
DA:551,0
DA:554,0
DA:558,0
DA:559,0
DA:560,0
DA:561,0
DA:562,0
DA:563,0
DA:564,0
DA:566,0
DA:567,0
DA:568,0
DA:569,0
DA:573,0
DA:578,0
DA:582,0
DA:583,0
DA:585,0
DA:586,0
DA:587,0
DA:591,0
DA:596,0
DA:600,0
DA:601,0
DA:609,0
DA:610,0
DA:622,0
LF:141
LH:0
BRDA:40,0,0,0
BRDA:55,1,0,0
BRDA:55,1,1,0
BRDA:56,2,0,0
BRDA:56,2,1,0
BRDA:100,3,0,0
BRDA:100,3,1,0
BRDA:102,4,0,0
BRDA:102,5,0,0
BRDA:102,5,1,0
BRDA:105,6,0,0
BRDA:105,6,1,0
BRDA:123,7,0,0
BRDA:123,7,1,0
BRDA:159,8,0,0
BRDA:159,9,0,0
BRDA:159,9,1,0
BRDA:181,10,0,0
BRDA:190,11,0,0
BRDA:227,12,0,0
BRDA:244,13,0,0
BRDA:246,14,0,0
BRDA:246,14,1,0
BRDA:246,14,2,0
BRDA:246,14,3,0
BRDA:246,14,4,0
BRDA:246,14,5,0
BRDA:246,14,6,0
BRDA:292,15,0,0
BRDA:292,15,1,0
BRDA:292,15,2,0
BRDA:294,16,0,0
BRDA:389,17,0,0
BRDA:389,17,1,0
BRDA:389,17,2,0
BRDA:391,18,0,0
BRDA:405,19,0,0
BRDA:405,19,1,0
BRDA:429,20,0,0
BRDA:429,20,1,0
BRDA:430,21,0,0
BRDA:430,21,1,0
BRDA:460,22,0,0
BRDA:463,23,0,0
BRDA:470,24,0,0
BRDA:470,24,1,0
BRDA:486,25,0,0
BRDA:487,26,0,0
BRDA:488,27,0,0
BRDA:489,28,0,0
BRDA:491,29,0,0
BRDA:492,30,0,0
BRDA:506,31,0,0
BRDA:506,31,1,0
BRDA:566,32,0,0
BRDA:578,33,0,0
BRDA:578,33,1,0
BRDA:582,34,0,0
BRDA:582,34,1,0
BRDA:583,35,0,0
BRDA:583,35,1,0
BRDA:585,36,0,0
BRDA:586,37,0,0
BRDA:596,38,0,0
BRDA:596,38,1,0
BRDA:615,39,0,0
BRDA:615,39,1,0
BRDA:616,40,0,0
BRDA:616,40,1,0
BRF:69
BRH:0
end_of_record
TN:
SF:apps\ai-service\src\modules\generation\generation.controller.ts
FN:18,(anonymous_4)
FN:74,(anonymous_5)
FNF:2
FNH:0
FNDA:0,(anonymous_4)
FNDA:0,(anonymous_5)
DA:1,0
DA:2,0
DA:9,0
DA:10,0
DA:11,0
DA:17,0
DA:18,0
DA:74,0
DA:78,0
LF:9
LH:0
BRF:0
BRH:0
end_of_record
TN:
SF:apps\ai-service\src\modules\generation\generation.module.ts
FNF:0
FNH:0
DA:1,0
DA:2,0
DA:3,0
DA:10,0
LF:4
LH:0
BRF:0
BRH:0
end_of_record
TN:
SF:apps\ai-service\src\modules\generation\generation.service.ts
FN:7,(anonymous_2)
FN:12,(anonymous_3)
FN:39,(anonymous_4)
FN:53,(anonymous_5)
FN:59,(anonymous_6)
FNF:5
FNH:0
FNDA:0,(anonymous_2)
FNDA:0,(anonymous_3)
FNDA:0,(anonymous_4)
FNDA:0,(anonymous_5)
FNDA:0,(anonymous_6)
DA:1,0
DA:2,0
DA:6,0
DA:7,0
DA:14,0
DA:18,0
DA:19,0
DA:23,0
DA:26,0
DA:28,0
DA:41,0
DA:50,0
DA:54,0
DA:55,0
DA:56,0
DA:60,0
DA:61,0
DA:72,0
LF:18
LH:0
BRDA:18,0,0,0
BRDA:50,1,0,0
BRDA:50,1,1,0
BRDA:54,2,0,0
BRDA:54,2,1,0
BRDA:55,3,0,0
BRDA:55,3,1,0
BRF:7
BRH:0
end_of_record
TN:
SF:apps\ai-service\src\modules\health\health.controller.ts
FN:6,(anonymous_2)
FN:9,(anonymous_3)
FNF:2
FNH:0
FNDA:0,(anonymous_2)
FNDA:0,(anonymous_3)
DA:1,0
DA:2,0
DA:5,0
DA:6,0
DA:9,0
DA:10,0
LF:6
LH:0
BRF:0
BRH:0
end_of_record
TN:
SF:apps\ai-service\src\modules\health\health.module.ts
FNF:0
FNH:0
DA:1,0
DA:2,0
DA:3,0
DA:9,0
LF:4
LH:0
BRF:0
BRH:0
end_of_record
TN:
SF:apps\ai-service\src\modules\health\health.service.ts
FN:5,(anonymous_1)
FNF:1
FNH:0
FNDA:0,(anonymous_1)
DA:1,0
DA:4,0
DA:6,0
LF:3
LH:0
BRF:0
BRH:0
end_of_record
TN:
SF:apps\ai-service\src\modules\suggestion\suggestion.controller.ts
FN:17,(anonymous_4)
FN:20,(anonymous_5)
FN:28,(anonymous_6)
FN:36,(anonymous_7)
FN:44,(anonymous_8)
FNF:5
FNH:0
FNDA:0,(anonymous_4)
FNDA:0,(anonymous_5)
FNDA:0,(anonymous_6)
FNDA:0,(anonymous_7)
FNDA:0,(anonymous_8)
DA:1,0
DA:10,0
DA:11,0
DA:12,0
DA:16,0
DA:17,0
DA:20,0
DA:24,0
DA:28,0
DA:32,0
DA:36,0
DA:40,0
DA:44,0
DA:45,0
LF:14
LH:0
BRF:0
BRH:0
end_of_record
TN:
SF:apps\ai-service\src\modules\suggestion\suggestion.module.ts
FNF:0
FNH:0
DA:1,0
DA:2,0
DA:3,0
DA:10,0
LF:4
LH:0
BRF:0
BRH:0
end_of_record
TN:
SF:apps\ai-service\src\modules\suggestion\suggestion.service.ts
FN:7,(anonymous_2)
FN:12,(anonymous_3)
FN:62,(anonymous_4)
FN:74,(anonymous_5)
FN:87,(anonymous_6)
FN:107,(anonymous_7)
FN:151,(anonymous_8)
FN:176,(anonymous_9)
FN:202,(anonymous_10)
FN:208,(anonymous_11)
FN:227,(anonymous_12)
FN:248,(anonymous_13)
FN:266,(anonymous_14)
FN:273,(anonymous_15)
FN:279,(anonymous_16)
FN:295,(anonymous_17)
FN:298,(anonymous_18)
FN:312,(anonymous_19)
FN:340,(anonymous_20)
FN:348,(anonymous_21)
FN:350,(anonymous_22)
FN:355,(anonymous_23)
FN:362,(anonymous_24)
FN:368,(anonymous_25)
FN:373,(anonymous_26)
FN:379,(anonymous_27)
FN:385,(anonymous_28)
FN:391,(anonymous_29)
FN:396,(anonymous_30)
FN:402,(anonymous_31)
FN:407,(anonymous_32)
FN:408,(anonymous_33)
FN:426,(anonymous_34)
FN:435,(anonymous_35)
FN:438,(anonymous_36)
FN:439,(anonymous_37)
FN:440,(anonymous_38)
FN:441,(anonymous_39)
FN:460,(anonymous_40)
FN:477,(anonymous_41)
FN:494,(anonymous_42)
FNF:41
FNH:0
FNDA:0,(anonymous_2)
FNDA:0,(anonymous_3)
FNDA:0,(anonymous_4)
FNDA:0,(anonymous_5)
FNDA:0,(anonymous_6)
FNDA:0,(anonymous_7)
FNDA:0,(anonymous_8)
FNDA:0,(anonymous_9)
FNDA:0,(anonymous_10)
FNDA:0,(anonymous_11)
FNDA:0,(anonymous_12)
FNDA:0,(anonymous_13)
FNDA:0,(anonymous_14)
FNDA:0,(anonymous_15)
FNDA:0,(anonymous_16)
FNDA:0,(anonymous_17)
FNDA:0,(anonymous_18)
FNDA:0,(anonymous_19)
FNDA:0,(anonymous_20)
FNDA:0,(anonymous_21)
FNDA:0,(anonymous_22)
FNDA:0,(anonymous_23)
FNDA:0,(anonymous_24)
FNDA:0,(anonymous_25)
FNDA:0,(anonymous_26)
FNDA:0,(anonymous_27)
FNDA:0,(anonymous_28)
FNDA:0,(anonymous_29)
FNDA:0,(anonymous_30)
FNDA:0,(anonymous_31)
FNDA:0,(anonymous_32)
FNDA:0,(anonymous_33)
FNDA:0,(anonymous_34)
FNDA:0,(anonymous_35)
FNDA:0,(anonymous_36)
FNDA:0,(anonymous_37)
FNDA:0,(anonymous_38)
FNDA:0,(anonymous_39)
FNDA:0,(anonymous_40)
FNDA:0,(anonymous_41)
FNDA:0,(anonymous_42)
DA:1,0
DA:2,0
DA:3,0
DA:6,0
DA:7,0
DA:13,0
DA:14,0
DA:18,0
DA:21,0
DA:24,0
DA:25,0
DA:28,0
DA:29,0
DA:32,0
DA:33,0
DA:36,0
DA:37,0
DA:40,0
DA:46,0
DA:48,0
DA:63,0
DA:66,0
DA:68,0
DA:76,0
DA:79,0
DA:81,0
DA:88,0
DA:97,0
DA:108,0
DA:109,0
DA:112,0
DA:113,0
DA:129,0
DA:130,0
DA:145,0
DA:152,0
DA:154,0
DA:155,0
DA:170,0
DA:177,0
DA:180,0
DA:181,0
DA:182,0
DA:196,0
DA:203,0
DA:206,0
DA:208,0
DA:209,0
DA:221,0
DA:228,0
DA:249,0
DA:267,0
DA:269,0
DA:272,0
DA:273,0
DA:277,0
DA:279,0
DA:280,0
DA:281,0
DA:283,0
DA:284,0
DA:286,0
DA:289,0
DA:297,0
DA:298,0
DA:300,0
DA:313,0
DA:315,0
DA:341,0
DA:342,0
DA:343,0
DA:344,0
DA:345,0
DA:350,0
DA:351,0
DA:352,0
DA:357,0
DA:358,0
DA:359,0
DA:363,0
DA:364,0
DA:365,0
DA:370,0
DA:375,0
DA:376,0
DA:381,0
DA:382,0
DA:387,0
DA:388,0
DA:393,0
DA:397,0
DA:400,0
DA:401,0
DA:402,0
DA:403,0
DA:406,0
DA:407,0
DA:408,0
DA:410,0
DA:411,0
DA:423,0
DA:427,0
DA:437,0
DA:438,0
DA:439,0
DA:440,0
DA:441,0
DA:444,0
DA:445,0
DA:446,0
DA:453,0
DA:461,0
DA:462,0
DA:473,0
DA:478,0
DA:479,0
DA:490,0
DA:495,0
DA:496,0
DA:511,0
LF:120
LH:0
BRDA:13,0,0,0
BRDA:13,1,0,0
BRDA:13,1,1,0
BRDA:41,2,0,0
BRDA:41,2,1,0
BRDA:55,3,0,0
BRDA:55,3,1,0
BRDA:98,4,0,0
BRDA:98,4,1,0
BRDA:99,5,0,0
BRDA:99,5,1,0
BRDA:112,6,0,0
BRDA:129,7,0,0
BRDA:154,8,0,0
BRDA:181,9,0,0
BRDA:181,10,0,0
BRDA:181,10,1,0
BRDA:217,11,0,0
BRDA:217,11,1,0
BRDA:255,12,0,0
BRDA:255,12,1,0
BRDA:256,13,0,0
BRDA:256,13,1,0
BRDA:257,14,0,0
BRDA:257,14,1,0
BRDA:266,15,0,0
BRDA:267,16,0,0
BRDA:272,17,0,0
BRDA:272,18,0,0
BRDA:272,18,1,0
BRDA:281,19,0,0
BRDA:283,20,0,0
BRDA:283,21,0,0
BRDA:283,21,1,0
BRDA:284,22,0,0
BRDA:284,23,0,0
BRDA:284,23,1,0
BRDA:312,24,0,0
BRDA:319,25,0,0
BRDA:319,25,1,0
BRDA:319,26,0,0
BRDA:319,26,1,0
BRDA:341,27,0,0
BRDA:343,28,0,0
BRDA:343,28,1,0
BRDA:344,29,0,0
BRDA:344,29,1,0
BRDA:357,30,0,0
BRDA:357,30,1,0
BRDA:381,31,0,0
BRDA:381,31,1,0
BRDA:400,32,0,0
BRDA:400,32,1,0
BRDA:403,33,0,0
BRDA:403,33,1,0
BRDA:407,34,0,0
BRDA:407,34,1,0
BRDA:410,35,0,0
BRDA:445,36,0,0
BRF:59
BRH:0
end_of_record
TN:
SF:apps\ai-service\src\modules\wizard\wizard.module.ts
FNF:0
FNH:0
DA:1,0
DA:6,0
LF:2
LH:0
BRF:0
BRH:0
end_of_record
TN:
SF:apps\api-gateway\src\app.module.ts
FN:26,(anonymous_1)
FN:49,(anonymous_2)
FNF:2
FNH:0
FNDA:0,(anonymous_1)
FNDA:0,(anonymous_2)
DA:1,0
DA:2,0
DA:3,0
DA:4,0
DA:6,0
DA:7,0
DA:8,0
DA:9,0
DA:10,0
DA:11,0
DA:12,0
DA:13,0
DA:26,0
DA:49,0
DA:68,0
LF:15
LH:0
BRF:0
BRH:0
end_of_record
TN:
SF:apps\api-gateway\src\modules\admin\admin.controller.ts
FN:16,(anonymous_4)
FN:20,(anonymous_5)
FN:25,(anonymous_6)
FNF:3
FNH:0
FNDA:0,(anonymous_4)
FNDA:0,(anonymous_5)
FNDA:0,(anonymous_6)
DA:1,0
DA:9,0
DA:11,0
DA:15,0
DA:16,0
DA:20,0
DA:21,0
DA:22,0
DA:25,0
DA:26,0
DA:27,0
DA:32,0
DA:34,0
DA:36,0
DA:38,0
DA:41,0
LF:16
LH:0
BRDA:26,0,0,0
BRDA:36,1,0,0
BRDA:36,1,1,0
BRF:3
BRH:0
end_of_record
TN:
SF:apps\api-gateway\src\modules\admin\admin.module.ts
FNF:0
FNH:0
DA:1,0
DA:2,0
DA:3,0
DA:4,0
DA:16,0
LF:5
LH:0
BRF:0
BRH:0
end_of_record
TN:
SF:apps\api-gateway\src\modules\admin\admin.service.ts
FN:12,(anonymous_2)
FN:22,(anonymous_3)
FN:58,(anonymous_4)
FN:77,(anonymous_5)
FN:91,(anonymous_6)
FNF:5
FNH:0
FNDA:0,(anonymous_2)
FNDA:0,(anonymous_3)
FNDA:0,(anonymous_4)
FNDA:0,(anonymous_5)
FNDA:0,(anonymous_6)
DA:1,0
DA:2,0
DA:3,0
DA:5,0
DA:8,0
DA:9,0
DA:13,0
DA:14,0
DA:16,0
DA:23,0
DA:27,0
DA:30,0
DA:31,0
DA:32,0
DA:33,0
DA:34,0
DA:39,0
DA:40,0
DA:43,0
DA:46,0
DA:49,0
DA:51,0
DA:53,0
DA:58,0
DA:62,0
DA:63,0
DA:66,0
DA:70,0
DA:72,0
DA:73,0
DA:78,0
DA:81,0
DA:91,0
DA:92,0
DA:93,0
DA:97,0
DA:98,0
DA:100,0
LF:38
LH:0
BRDA:32,0,0,0
BRDA:39,1,0,0
BRDA:62,2,0,0
BRDA:62,3,0,0
BRDA:62,3,1,0
BRDA:62,3,2,0
BRF:6
BRH:0
end_of_record
TN:
SF:apps\api-gateway\src\modules\auth\auth.controller.ts
FN:16,(anonymous_4)
FN:20,(anonymous_5)
FN:25,(anonymous_6)
FNF:3
FNH:0
FNDA:0,(anonymous_4)
FNDA:0,(anonymous_5)
FNDA:0,(anonymous_6)
DA:1,0
DA:9,0
DA:11,0
DA:15,0
DA:16,0
DA:20,0
DA:21,0
DA:22,0
DA:25,0
DA:26,0
DA:27,0
DA:32,0
DA:34,0
DA:36,0
DA:38,0
DA:41,0
LF:16
LH:0
BRDA:26,0,0,0
BRDA:36,1,0,0
BRDA:36,1,1,0
BRF:3
BRH:0
end_of_record
TN:
SF:apps\api-gateway\src\modules\auth\auth.module.ts
FNF:0
FNH:0
DA:1,0
DA:2,0
DA:3,0
DA:4,0
DA:17,0
LF:5
LH:0
BRF:0
BRH:0
end_of_record
TN:
SF:apps\api-gateway\src\modules\auth\auth.service.ts
FN:12,(anonymous_2)
FN:22,(anonymous_3)
FN:58,(anonymous_4)
FN:77,(anonymous_5)
FN:91,(anonymous_6)
FNF:5
FNH:0
FNDA:0,(anonymous_2)
FNDA:0,(anonymous_3)
FNDA:0,(anonymous_4)
FNDA:0,(anonymous_5)
FNDA:0,(anonymous_6)
DA:1,0
DA:2,0
DA:3,0
DA:5,0
DA:8,0
DA:9,0
DA:13,0
DA:14,0
DA:16,0
DA:23,0
DA:27,0
DA:30,0
DA:31,0
DA:32,0
DA:33,0
DA:34,0
DA:39,0
DA:40,0
DA:43,0
DA:46,0
DA:49,0
DA:51,0
DA:53,0
DA:58,0
DA:62,0
DA:63,0
DA:66,0
DA:70,0
DA:72,0
DA:73,0
DA:78,0
DA:81,0
DA:91,0
DA:92,0
DA:93,0
DA:97,0
DA:98,0
DA:100,0
LF:38
LH:0
BRDA:32,0,0,0
BRDA:39,1,0,0
BRDA:62,2,0,0
BRDA:62,3,0,0
BRDA:62,3,1,0
BRDA:62,3,2,0
BRF:6
BRH:0
end_of_record
TN:
SF:apps\api-gateway\src\modules\health\health.controller.ts
FN:8,(anonymous_2)
FN:26,(anonymous_3)
FN:36,(anonymous_4)
FN:46,(anonymous_5)
FNF:4
FNH:0
FNDA:0,(anonymous_2)
FNDA:0,(anonymous_3)
FNDA:0,(anonymous_4)
FNDA:0,(anonymous_5)
DA:1,0
DA:2,0
DA:3,0
DA:7,0
DA:8,0
DA:26,0
DA:27,0
DA:36,0
DA:37,0
DA:46,0
DA:47,0
LF:11
LH:0
BRF:0
BRH:0
end_of_record
TN:
SF:apps\api-gateway\src\modules\health\health.module.ts
FNF:0
FNH:0
DA:1,0
DA:2,0
DA:3,0
DA:9,0
LF:4
LH:0
BRF:0
BRH:0
end_of_record
TN:
SF:apps\api-gateway\src\modules\health\health.service.ts
FN:4,(anonymous_1)
FN:7,(anonymous_2)
FN:22,(anonymous_3)
FN:35,(anonymous_4)
FN:49,(anonymous_5)
FNF:5
FNH:0
FNDA:0,(anonymous_1)
FNDA:0,(anonymous_2)
FNDA:0,(anonymous_3)
FNDA:0,(anonymous_4)
FNDA:0,(anonymous_5)
DA:1,0
DA:4,0
DA:5,0
DA:8,0
DA:9,0
DA:11,0
DA:24,0
DA:35,0
DA:36,0
DA:37,0
DA:39,0
DA:42,0
DA:51,0
LF:13
LH:0
BRDA:15,0,0,0
BRDA:15,0,1,0
BRDA:16,1,0,0
BRDA:16,1,1,0
BRDA:36,2,0,0
BRDA:43,3,0,0
BRDA:43,3,1,0
BRF:7
BRH:0
end_of_record
TN:
SF:apps\api-gateway\src\modules\novel\novel.controller.ts
FN:9,(anonymous_4)
FN:13,(anonymous_5)
FN:19,(anonymous_6)
FN:25,(anonymous_7)
FN:31,(anonymous_8)
FN:37,(anonymous_9)
FN:43,(anonymous_10)
FN:49,(anonymous_11)
FN:55,(anonymous_12)
FN:59,(anonymous_13)
FNF:10
FNH:0
FNDA:0,(anonymous_4)
FNDA:0,(anonymous_5)
FNDA:0,(anonymous_6)
FNDA:0,(anonymous_7)
FNDA:0,(anonymous_8)
FNDA:0,(anonymous_9)
FNDA:0,(anonymous_10)
FNDA:0,(anonymous_11)
FNDA:0,(anonymous_12)
FNDA:0,(anonymous_13)
DA:1,0
DA:2,0
DA:4,0
DA:8,0
DA:9,0
DA:13,0
DA:14,0
DA:19,0
DA:20,0
DA:25,0
DA:26,0
DA:31,0
DA:32,0
DA:37,0
DA:38,0
DA:43,0
DA:44,0
DA:49,0
DA:50,0
DA:55,0
DA:56,0
DA:60,0
DA:63,0
DA:64,0
DA:72,0
DA:74,0
DA:75,0
DA:76,0
LF:28
LH:0
BRDA:74,0,0,0
BRDA:74,0,1,0
BRDA:74,0,2,0
BRDA:75,1,0,0
BRDA:75,1,1,0
BRF:5
BRH:0
end_of_record
TN:
SF:apps\api-gateway\src\modules\novel\novel.module.ts
FNF:0
FNH:0
DA:1,0
DA:2,0
DA:3,0
DA:4,0
DA:11,0
LF:5
LH:0
BRF:0
BRH:0
end_of_record
TN:
SF:apps\api-gateway\src\modules\novel\novel.service.ts
FN:10,(anonymous_2)
FN:20,(anonymous_3)
FNF:2
FNH:0
FNDA:0,(anonymous_2)
FNDA:0,(anonymous_3)
DA:1,0
DA:2,0
DA:3,0
DA:4,0
DA:7,0
DA:11,0
DA:12,0
DA:14,0
DA:21,0
DA:23,0
DA:25,0
DA:36,0
DA:37,0
DA:40,0
DA:44,0
DA:46,0
DA:47,0
DA:49,0
LF:18
LH:0
BRDA:36,0,0,0
BRDA:36,1,0,0
BRDA:36,1,1,0
BRDA:36,1,2,0
BRDA:46,2,0,0
BRF:5
BRH:0
end_of_record
TN:
SF:apps\api-gateway\src\modules\payment\payment.controller.ts
FN:10,(anonymous_4)
FN:13,(anonymous_5)
FN:33,(anonymous_6)
FN:36,(anonymous_7)
FN:56,(anonymous_8)
FN:59,(anonymous_9)
FNF:6
FNH:0
FNDA:0,(anonymous_4)
FNDA:0,(anonymous_5)
FNDA:0,(anonymous_6)
FNDA:0,(anonymous_7)
FNDA:0,(anonymous_8)
FNDA:0,(anonymous_9)
DA:1,0
DA:2,0
DA:4,0
DA:9,0
DA:10,0
DA:13,0
DA:14,0
DA:15,0
DA:16,0
DA:22,0
DA:24,0
DA:32,0
DA:33,0
DA:36,0
DA:37,0
DA:38,0
DA:39,0
DA:45,0
DA:47,0
DA:55,0
DA:56,0
DA:59,0
DA:60,0
DA:61,0
DA:62,0
DA:68,0
DA:70,0
DA:76,0
LF:28
LH:0
BRDA:24,0,0,0
BRDA:24,0,1,0
BRDA:24,1,0,0
BRDA:24,1,1,0
BRDA:47,2,0,0
BRDA:47,2,1,0
BRDA:47,3,0,0
BRDA:47,3,1,0
BRDA:70,4,0,0
BRDA:70,4,1,0
BRDA:70,5,0,0
BRDA:70,5,1,0
BRF:12
BRH:0
end_of_record
TN:
SF:apps\api-gateway\src\modules\payment\payment.module.ts
FNF:0
FNH:0
DA:1,0
DA:2,0
DA:3,0
DA:9,0
LF:4
LH:0
BRF:0
BRH:0
end_of_record
TN:
SF:apps\api-gateway\src\modules\payment\payment.service.ts
FN:5,(anonymous_1)
FN:8,(anonymous_2)
FNF:2
FNH:0
FNDA:0,(anonymous_1)
FNDA:0,(anonymous_2)
DA:1,0
DA:2,0
DA:5,0
DA:6,0
DA:9,0
DA:11,0
DA:18,0
DA:19,0
DA:22,0
DA:23,0
DA:25,0
DA:26,0
DA:28,0
LF:13
LH:0
BRDA:18,0,0,0
BRDA:18,1,0,0
BRDA:18,1,1,0
BRDA:18,1,2,0
BRDA:25,2,0,0
BRF:5
BRH:0
end_of_record
TN:
SF:apps\api-gateway\src\modules\proxy\proxy.controller.ts
FN:8,(anonymous_2)
FN:12,(anonymous_3)
FNF:2
FNH:0
FNDA:0,(anonymous_2)
FNDA:0,(anonymous_3)
DA:1,0
DA:2,0
DA:3,0
DA:7,0
DA:8,0
DA:12,0
DA:13,0
LF:7
LH:0
BRF:0
BRH:0
end_of_record
TN:
SF:apps\api-gateway\src\modules\proxy\proxy.module.ts
FNF:0
FNH:0
DA:1,0
DA:2,0
DA:3,0
DA:9,0
LF:4
LH:0
BRF:0
BRH:0
end_of_record
TN:
SF:apps\api-gateway\src\modules\proxy\proxy.service.ts
FN:5,(anonymous_1)
FNF:1
FNH:0
FNDA:0,(anonymous_1)
DA:1,0
DA:4,0
DA:6,0
LF:3
LH:0
BRF:0
BRH:0
end_of_record
TN:
SF:apps\api-gateway\src\modules\users\users.controller.ts
FN:16,(anonymous_4)
FN:20,(anonymous_5)
FN:25,(anonymous_6)
FNF:3
FNH:0
FNDA:0,(anonymous_4)
FNDA:0,(anonymous_5)
FNDA:0,(anonymous_6)
DA:1,0
DA:9,0
DA:11,0
DA:15,0
DA:16,0
DA:20,0
DA:21,0
DA:22,0
DA:25,0
DA:26,0
DA:27,0
DA:32,0
DA:34,0
DA:36,0
DA:38,0
DA:41,0
LF:16
LH:0
BRDA:26,0,0,0
BRDA:36,1,0,0
BRDA:36,1,1,0
BRF:3
BRH:0
end_of_record
TN:
SF:apps\api-gateway\src\modules\users\users.module.ts
FNF:0
FNH:0
DA:1,0
DA:2,0
DA:3,0
DA:4,0
DA:11,0
LF:5
LH:0
BRF:0
BRH:0
end_of_record
TN:
SF:apps\api-gateway\src\modules\users\users.service.ts
FN:12,(anonymous_2)
FN:22,(anonymous_3)
FN:55,(anonymous_4)
FN:74,(anonymous_5)
FN:88,(anonymous_6)
FNF:5
FNH:0
FNDA:0,(anonymous_2)
FNDA:0,(anonymous_3)
FNDA:0,(anonymous_4)
FNDA:0,(anonymous_5)
FNDA:0,(anonymous_6)
DA:1,0
DA:2,0
DA:3,0
DA:5,0
DA:8,0
DA:9,0
DA:13,0
DA:14,0
DA:16,0
DA:23,0
DA:26,0
DA:27,0
DA:28,0
DA:29,0
DA:30,0
DA:31,0
DA:36,0
DA:37,0
DA:40,0
DA:43,0
DA:46,0
DA:48,0
DA:50,0
DA:55,0
DA:59,0
DA:60,0
DA:63,0
DA:67,0
DA:69,0
DA:70,0
DA:75,0
DA:78,0
DA:88,0
DA:89,0
DA:90,0
DA:94,0
DA:95,0
DA:97,0
LF:38
LH:0
BRDA:29,0,0,0
BRDA:36,1,0,0
BRDA:59,2,0,0
BRDA:59,3,0,0
BRDA:59,3,1,0
BRDA:59,3,2,0
BRF:6
BRH:0
end_of_record
TN:
SF:apps\auth-service\src\app.module.ts
FN:24,(anonymous_1)
FNF:1
FNH:0
FNDA:0,(anonymous_1)
DA:1,0
DA:2,0
DA:3,0
DA:4,0
DA:5,0
DA:6,0
DA:7,0
DA:8,0
DA:24,0
DA:44,0
LF:10
LH:0
BRF:0
BRH:0
end_of_record
TN:
SF:apps\auth-service\src\dto\auth-response.dto.ts
FN:77,(anonymous_2)
FN:62,(anonymous_3)
FN:70,(anonymous_4)
FN:118,(anonymous_5)
FN:160,(anonymous_6)
FN:209,(anonymous_7)
FN:229,(anonymous_8)
FN:249,(anonymous_9)
FN:269,(anonymous_10)
FN:296,(anonymous_11)
FNF:10
FNH:0
FNDA:0,(anonymous_2)
FNDA:0,(anonymous_3)
FNDA:0,(anonymous_4)
FNDA:0,(anonymous_5)
FNDA:0,(anonymous_6)
FNDA:0,(anonymous_7)
FNDA:0,(anonymous_8)
FNDA:0,(anonymous_9)
FNDA:0,(anonymous_10)
FNDA:0,(anonymous_11)
DA:1,0
DA:2,0
DA:3,0
DA:5,0
DA:11,0
DA:18,0
DA:25,0
DA:33,0
DA:41,0
DA:48,0
DA:55,0
DA:62,0
DA:63,0
DA:70,0
DA:71,0
DA:75,0
DA:78,0
DA:82,0
DA:88,0
DA:95,0
DA:102,0
DA:109,0
DA:116,0
DA:119,0
DA:123,0
DA:129,0
DA:136,0
DA:143,0
DA:154,0
DA:161,0
DA:165,0
DA:171,0
DA:178,0
DA:185,0
DA:192,0
DA:203,0
DA:210,0
DA:214,0
DA:220,0
DA:227,0
DA:230,0
DA:234,0
DA:240,0
DA:247,0
DA:250,0
DA:254,0
DA:260,0
DA:267,0
DA:270,0
DA:274,0
DA:280,0
DA:287,0
DA:294,0
DA:297,0
LF:54
LH:0
BRF:0
BRH:0
end_of_record
TN:
SF:apps\auth-service\src\dto\auth.dto.ts
FN:14,(anonymous_2)
FN:69,(anonymous_3)
FNF:2
FNH:0
FNDA:0,(anonymous_2)
FNDA:0,(anonymous_3)
DA:1,0
DA:2,0
DA:14,0
DA:22,0
DA:36,0
DA:49,0
DA:58,0
DA:66,0
DA:69,0
DA:75,0
DA:83,0
DA:91,0
DA:94,0
DA:100,0
DA:103,0
DA:109,0
DA:112,0
DA:118,0
DA:132,0
DA:135,0
DA:141,0
DA:155,0
DA:158,0
DA:164,0
LF:24
LH:0
BRF:0
BRH:0
end_of_record
TN:
SF:apps\auth-service\src\filters\all-exceptions.filter.ts
FN:26,(anonymous_1)
FN:29,(anonymous_2)
FN:45,(anonymous_3)
FN:150,(anonymous_4)
FNF:4
FNH:0
FNDA:0,(anonymous_1)
FNDA:0,(anonymous_2)
FNDA:0,(anonymous_3)
FNDA:0,(anonymous_4)
DA:1,0
DA:10,0
DA:26,0
DA:27,0
DA:30,0
DA:31,0
DA:32,0
DA:34,0
DA:37,0
DA:42,0
DA:46,0
DA:47,0
DA:48,0
DA:49,0
DA:52,0
DA:53,0
DA:54,0
DA:57,0
DA:58,0
DA:61,0
DA:66,0
DA:80,0
DA:95,0
DA:96,0
DA:97,0
DA:115,0
DA:116,0
DA:131,0
DA:151,0
DA:153,0
DA:158,0
DA:163,0
DA:168,0
DA:173,0
DA:178,0
DA:183,0
LF:36
LH:0
BRDA:39,0,0,0
BRDA:39,0,1,0
BRDA:52,1,0,0
BRDA:57,2,0,0
BRDA:57,3,0,0
BRDA:57,3,1,0
BRDA:70,4,0,0
BRDA:70,4,1,0
BRDA:84,5,0,0
BRDA:84,5,1,0
BRDA:84,6,0,0
BRDA:84,6,1,0
BRDA:85,7,0,0
BRDA:85,7,1,0
BRDA:95,8,0,0
BRDA:115,9,0,0
BRDA:115,10,0,0
BRDA:115,10,1,0
BRDA:136,11,0,0
BRDA:136,11,1,0
BRDA:138,12,0,0
BRDA:138,12,1,0
BRDA:139,13,0,0
BRDA:139,13,1,0
BRDA:151,14,0,0
BRDA:151,14,1,0
BRDA:151,14,2,0
BRDA:151,14,3,0
BRDA:151,14,4,0
BRDA:151,14,5,0
BRDA:151,14,6,0
BRF:31
BRH:0
end_of_record
TN:
SF:apps\auth-service\src\guards\local-auth.guard.ts
FNF:0
FNH:0
DA:1,0
DA:2,0
DA:5,0
LF:3
LH:0
BRF:0
BRH:0
end_of_record
TN:
SF:apps\auth-service\src\interceptors\response.interceptor.ts
FN:26,(anonymous_1)
FN:33,(anonymous_2)
FNF:2
FNH:0
FNDA:0,(anonymous_1)
FNDA:0,(anonymous_2)
DA:1,0
DA:8,0
DA:25,0
DA:27,0
DA:28,0
DA:29,0
DA:30,0
DA:32,0
DA:34,0
DA:35,0
DA:38,0
DA:39,0
DA:40,0
DA:44,0
DA:57,0
DA:58,0
DA:59,0
DA:60,0
DA:61,0
DA:62,0
DA:63,0
DA:64,0
DA:65,0
DA:66,0
DA:67,0
DA:68,0
DA:69,0
DA:70,0
DA:71,0
DA:72,0
DA:73,0
DA:74,0
DA:75,0
DA:76,0
DA:77,0
DA:78,0
DA:79,0
DA:80,0
DA:83,0
LF:39
LH:0
BRDA:39,0,0,0
BRDA:57,1,0,0
BRDA:57,1,1,0
BRDA:59,2,0,0
BRDA:59,2,1,0
BRDA:61,3,0,0
BRDA:61,3,1,0
BRDA:63,4,0,0
BRDA:63,4,1,0
BRDA:65,5,0,0
BRDA:65,5,1,0
BRDA:67,6,0,0
BRDA:67,6,1,0
BRDA:69,7,0,0
BRDA:69,7,1,0
BRDA:71,8,0,0
BRDA:71,8,1,0
BRDA:73,9,0,0
BRDA:73,9,1,0
BRDA:75,10,0,0
BRDA:75,10,1,0
BRDA:77,11,0,0
BRDA:77,11,1,0
BRDA:77,12,0,0
BRDA:77,12,1,0
BRDA:79,13,0,0
BRF:26
BRH:0
end_of_record
TN:
SF:apps\auth-service\src\modules\auth\auth.controller.ts
FN:45,(anonymous_4)
FN:63,(anonymous_5)
FN:82,(anonymous_6)
FN:103,(anonymous_7)
FN:123,(anonymous_8)
FN:157,(anonymous_9)
FN:176,(anonymous_10)
FN:205,(anonymous_11)
FN:224,(anonymous_12)
FN:258,(anonymous_13)
FN:288,(anonymous_14)
FNF:11
FNH:0
FNDA:0,(anonymous_4)
FNDA:0,(anonymous_5)
FNDA:0,(anonymous_6)
FNDA:0,(anonymous_7)
FNDA:0,(anonymous_8)
FNDA:0,(anonymous_9)
FNDA:0,(anonymous_10)
FNDA:0,(anonymous_11)
FNDA:0,(anonymous_12)
FNDA:0,(anonymous_13)
FNDA:0,(anonymous_14)
DA:1,0
DA:12,0
DA:21,0
DA:22,0
DA:31,0
DA:39,0
DA:40,0
DA:44,0
DA:45,0
DA:63,0
DA:64,0
DA:82,0
DA:86,0
DA:103,0
DA:104,0
DA:123,0
DA:126,0
DA:157,0
DA:161,0
DA:162,0
DA:176,0
DA:177,0
DA:179,0
DA:205,0
DA:206,0
DA:207,0
DA:224,0
DA:227,0
DA:258,0
DA:259,0
DA:288,0
DA:289,0
LF:32
LH:0
BRF:0
BRH:0
end_of_record
TN:
SF:apps\auth-service\src\modules\auth\auth.module.ts
FN:16,(anonymous_1)
FN:24,(anonymous_2)
FNF:2
FNH:0
FNDA:0,(anonymous_1)
FNDA:0,(anonymous_2)
DA:1,0
DA:2,0
DA:3,0
DA:4,0
DA:5,0
DA:6,0
DA:7,0
DA:8,0
DA:9,0
DA:16,0
DA:24,0
DA:39,0
LF:12
LH:0
BRF:0
BRH:0
end_of_record
TN:
SF:apps\auth-service\src\modules\auth\auth.service.ts
FN:39,(anonymous_4)
FN:50,(anonymous_5)
FN:81,(anonymous_6)
FN:159,(anonymous_7)
FN:208,(anonymous_8)
FN:251,(anonymous_9)
FN:282,(anonymous_10)
FN:326,(anonymous_11)
FN:356,(anonymous_12)
FN:389,(anonymous_13)
FN:425,(anonymous_14)
FN:434,(anonymous_15)
FN:450,(anonymous_16)
FN:457,(anonymous_17)
FN:464,(anonymous_18)
FN:495,(anonymous_19)
FN:521,(anonymous_20)
FN:533,(anonymous_21)
FN:580,(anonymous_22)
FN:43,(anonymous_23)
FNF:20
FNH:0
FNDA:0,(anonymous_4)
FNDA:0,(anonymous_5)
FNDA:0,(anonymous_6)
FNDA:0,(anonymous_7)
FNDA:0,(anonymous_8)
FNDA:0,(anonymous_9)
FNDA:0,(anonymous_10)
FNDA:0,(anonymous_11)
FNDA:0,(anonymous_12)
FNDA:0,(anonymous_13)
FNDA:0,(anonymous_14)
FNDA:0,(anonymous_15)
FNDA:0,(anonymous_16)
FNDA:0,(anonymous_17)
FNDA:0,(anonymous_18)
FNDA:0,(anonymous_19)
FNDA:0,(anonymous_20)
FNDA:0,(anonymous_21)
FNDA:0,(anonymous_22)
FNDA:0,(anonymous_23)
DA:1,0
DA:11,0
DA:12,0
DA:13,0
DA:22,0
DA:29,0
DA:30,0
DA:31,0
DA:32,0
DA:33,0
DA:36,0
DA:37,0
DA:40,0
DA:41,0
DA:42,0
DA:43,0
DA:44,0
DA:51,0
DA:54,0
DA:58,0
DA:59,0
DA:63,0
DA:64,0
DA:66,0
DA:67,0
DA:68,0
DA:70,0
DA:74,0
DA:75,0
DA:78,0
DA:81,0
DA:83,0
DA:117,0
DA:119,0
DA:123,0
DA:124,0
DA:125,0
DA:126,0
DA:127,0
DA:132,0
DA:137,0
DA:145,0
DA:147,0
DA:160,0
DA:163,0
DA:165,0
DA:166,0
DA:170,0
DA:176,0
DA:179,0
DA:191,0
DA:193,0
DA:209,0
DA:211,0
DA:213,0
DA:218,0
DA:230,0
DA:231,0
DA:235,0
DA:237,0
DA:239,0
DA:244,0
DA:252,0
DA:259,0
DA:260,0
DA:264,0
DA:265,0
DA:266,0
DA:270,0
DA:271,0
DA:275,0
DA:276,0
DA:283,0
DA:286,0
DA:291,0
DA:292,0
DA:296,0
DA:297,0
DA:298,0
DA:302,0
DA:303,0
DA:304,0
DA:308,0
DA:309,0
DA:312,0
DA:320,0
DA:327,0
DA:329,0
DA:334,0
DA:336,0
DA:340,0
DA:348,0
DA:350,0
DA:357,0
DA:361,0
DA:363,0
DA:364,0
DA:368,0
DA:369,0
DA:372,0
DA:383,0
DA:390,0
DA:398,0
DA:399,0
DA:402,0
DA:408,0
DA:413,0
DA:426,0
DA:435,0
DA:436,0
DA:438,0
DA:439,0
DA:440,0
DA:441,0
DA:442,0
DA:443,0
DA:451,0
DA:458,0
DA:466,0
DA:478,0
DA:479,0
DA:483,0
DA:484,0
DA:487,0
DA:489,0
DA:496,0
DA:497,0
DA:499,0
DA:501,0
DA:504,0
DA:508,0
DA:509,0
DA:512,0
DA:515,0
DA:522,0
DA:523,0
DA:524,0
DA:525,0
DA:527,0
DA:534,0
DA:535,0
DA:538,0
DA:547,0
DA:550,0
DA:557,0
DA:560,0
DA:563,0
DA:568,0
DA:569,0
DA:571,0
DA:573,0
DA:583,0
LF:152
LH:0
BRDA:58,0,0,0
BRDA:64,1,0,0
BRDA:64,1,1,0
BRDA:66,2,0,0
BRDA:66,2,1,0
BRDA:66,3,0,0
BRDA:66,3,1,0
BRDA:87,4,0,0
BRDA:87,4,1,0
BRDA:92,5,0,0
BRDA:92,5,1,0
BRDA:124,6,0,0
BRDA:126,7,0,0
BRDA:165,8,0,0
BRDA:197,9,0,0
BRDA:197,9,1,0
BRDA:230,10,0,0
BRDA:230,11,0,0
BRDA:230,11,1,0
BRDA:230,11,2,0
BRDA:259,12,0,0
BRDA:265,13,0,0
BRDA:270,14,0,0
BRDA:270,15,0,0
BRDA:270,15,1,0
BRDA:291,16,0,0
BRDA:297,17,0,0
BRDA:303,18,0,0
BRDA:334,19,0,0
BRDA:334,20,0,0
BRDA:334,20,1,0
BRDA:334,20,2,0
BRDA:363,21,0,0
BRDA:389,22,0,0
BRDA:399,23,0,0
BRDA:399,23,1,0
BRDA:438,24,0,0
BRDA:438,24,1,0
BRDA:438,24,2,0
BRDA:438,24,3,0
BRDA:438,24,4,0
BRDA:478,25,0,0
BRDA:483,26,0,0
BRDA:483,27,0,0
BRDA:483,27,1,0
BRDA:508,28,0,0
BRF:46
BRH:0
end_of_record
TN:
SF:apps\auth-service\src\modules\health\health.controller.ts
FN:14,(anonymous_2)
FN:45,(anonymous_3)
FN:48,(anonymous_4)
FN:51,(anonymous_5)
FN:54,(anonymous_6)
FN:68,(anonymous_7)
FN:71,(anonymous_8)
FN:85,(anonymous_9)
FN:88,(anonymous_10)
FN:101,(anonymous_11)
FNF:10
FNH:0
FNDA:0,(anonymous_2)
FNDA:0,(anonymous_3)
FNDA:0,(anonymous_4)
FNDA:0,(anonymous_5)
FNDA:0,(anonymous_6)
FNDA:0,(anonymous_7)
FNDA:0,(anonymous_8)
FNDA:0,(anonymous_9)
FNDA:0,(anonymous_10)
FNDA:0,(anonymous_11)
DA:1,0
DA:2,0
DA:3,0
DA:9,0
DA:13,0
DA:15,0
DA:16,0
DA:17,0
DA:18,0
DA:45,0
DA:46,0
DA:48,0
DA:51,0
DA:54,0
DA:68,0
DA:69,0
DA:71,0
DA:85,0
DA:86,0
DA:88,0
DA:101,0
DA:102,0
DA:104,0
LF:23
LH:0
BRDA:112,0,0,0
BRDA:112,0,1,0
BRF:2
BRH:0
end_of_record
TN:
SF:apps\auth-service\src\modules\health\health.module.ts
FNF:0
FNH:0
DA:1,0
DA:2,0
DA:3,0
DA:4,0
DA:11,0
LF:5
LH:0
BRF:0
BRH:0
end_of_record
TN:
SF:apps\auth-service\src\modules\health\health.service.ts
FN:6,(anonymous_2)
FN:11,(anonymous_3)
FN:23,(anonymous_4)
FN:63,(anonymous_5)
FN:86,(anonymous_6)
FN:115,(anonymous_7)
FNF:6
FNH:0
FNDA:0,(anonymous_2)
FNDA:0,(anonymous_3)
FNDA:0,(anonymous_4)
FNDA:0,(anonymous_5)
FNDA:0,(anonymous_6)
FNDA:0,(anonymous_7)
DA:1,0
DA:2,0
DA:5,0
DA:6,0
DA:12,0
DA:13,0
DA:14,0
DA:16,0
DA:29,0
DA:31,0
DA:34,0
DA:40,0
DA:46,0
DA:53,0
DA:64,0
DA:65,0
DA:67,0
DA:87,0
DA:88,0
DA:90,0
DA:120,0
LF:21
LH:0
BRDA:92,0,0,0
BRDA:92,0,1,0
BRDA:96,1,0,0
BRDA:96,1,1,0
BRDA:123,2,0,0
BRDA:123,2,1,0
BRF:6
BRH:0
end_of_record
TN:
SF:apps\auth-service\src\modules\invite\invite-reward.service.ts
FN:9,(anonymous_2)
FN:42,(anonymous_3)
FN:68,(anonymous_4)
FN:97,(anonymous_5)
FN:107,(anonymous_6)
FN:122,(anonymous_7)
FN:138,(anonymous_8)
FN:160,(anonymous_9)
FN:191,(anonymous_10)
FN:266,(anonymous_11)
FN:276,(anonymous_12)
FN:285,(anonymous_13)
FNF:12
FNH:0
FNDA:0,(anonymous_2)
FNDA:0,(anonymous_3)
FNDA:0,(anonymous_4)
FNDA:0,(anonymous_5)
FNDA:0,(anonymous_6)
FNDA:0,(anonymous_7)
FNDA:0,(anonymous_8)
FNDA:0,(anonymous_9)
FNDA:0,(anonymous_10)
FNDA:0,(anonymous_11)
FNDA:0,(anonymous_12)
FNDA:0,(anonymous_13)
DA:1,0
DA:2,0
DA:3,0
DA:6,0
DA:7,0
DA:9,0
DA:14,0
DA:43,0
DA:45,0
DA:47,0
DA:48,0
DA:52,0
DA:53,0
DA:57,0
DA:59,0
DA:61,0
DA:69,0
DA:71,0
DA:73,0
DA:78,0
DA:79,0
DA:80,0
DA:84,0
DA:85,0
DA:88,0
DA:90,0
DA:98,0
DA:103,0
DA:106,0
DA:107,0
DA:111,0
DA:112,0
DA:113,0
DA:115,0
DA:123,0
DA:139,0
DA:141,0
DA:146,0
DA:147,0
DA:148,0
DA:150,0
DA:154,0
DA:161,0
DA:163,0
DA:164,0
DA:165,0
DA:169,0
DA:177,0
DA:180,0
DA:184,0
DA:192,0
DA:197,0
DA:198,0
DA:201,0
DA:203,0
DA:205,0
DA:206,0
DA:207,0
DA:208,0
DA:210,0
DA:218,0
DA:222,0
DA:234,0
DA:235,0
DA:240,0
DA:241,0
DA:242,0
DA:244,0
DA:255,0
DA:257,0
DA:258,0
DA:267,0
DA:277,0
DA:282,0
DA:284,0
DA:285,0
DA:288,0
LF:77
LH:0
BRDA:78,0,0,0
BRDA:103,1,0,0
BRDA:164,2,0,0
BRDA:197,3,0,0
BRDA:203,4,0,0
BRDA:203,4,1,0
BRDA:206,5,0,0
BRDA:206,5,1,0
BRDA:234,6,0,0
BRDA:240,7,0,0
BRDA:240,7,1,0
BRDA:282,8,0,0
BRDA:290,9,0,0
BRDA:290,9,1,0
BRF:14
BRH:0
end_of_record
TN:
SF:apps\auth-service\src\modules\invite\invite.controller.ts
FN:26,(anonymous_4)
FN:54,(anonymous_5)
FN:67,(anonymous_6)
FN:80,(anonymous_7)
FN:93,(anonymous_8)
FN:107,(anonymous_9)
FN:120,(anonymous_10)
FN:133,(anonymous_11)
FN:146,(anonymous_12)
FNF:9
FNH:0
FNDA:0,(anonymous_4)
FNDA:0,(anonymous_5)
FNDA:0,(anonymous_6)
FNDA:0,(anonymous_7)
FNDA:0,(anonymous_8)
FNDA:0,(anonymous_9)
FNDA:0,(anonymous_10)
FNDA:0,(anonymous_11)
FNDA:0,(anonymous_12)
DA:1,0
DA:11,0
DA:18,0
DA:19,0
DA:25,0
DA:26,0
DA:54,0
DA:55,0
DA:67,0
DA:68,0
DA:80,0
DA:81,0
DA:93,0
DA:94,0
DA:107,0
DA:108,0
DA:120,0
DA:121,0
DA:133,0
DA:134,0
DA:146,0
DA:147,0
LF:22
LH:0
BRF:0
BRH:0
end_of_record
TN:
SF:apps\auth-service\src\modules\invite\invite.module.ts
FNF:0
FNH:0
DA:1,0
DA:2,0
DA:3,0
DA:4,0
DA:5,0
DA:13,0
LF:6
LH:0
BRF:0
BRH:0
end_of_record
TN:
SF:apps\auth-service\src\modules\invite\invite.service.ts
FN:15,(anonymous_2)
FN:23,(anonymous_3)
FN:51,(anonymous_4)
FN:116,(anonymous_5)
FN:158,(anonymous_6)
FN:184,(anonymous_7)
FN:221,(anonymous_8)
FN:228,(anonymous_9)
FN:240,(anonymous_10)
FNF:9
FNH:0
FNDA:0,(anonymous_2)
FNDA:0,(anonymous_3)
FNDA:0,(anonymous_4)
FNDA:0,(anonymous_5)
FNDA:0,(anonymous_6)
FNDA:0,(anonymous_7)
FNDA:0,(anonymous_8)
FNDA:0,(anonymous_9)
FNDA:0,(anonymous_10)
DA:1,0
DA:7,0
DA:8,0
DA:9,0
DA:12,0
DA:13,0
DA:16,0
DA:17,0
DA:24,0
DA:32,0
DA:33,0
DA:36,0
DA:38,0
DA:53,0
DA:61,0
DA:62,0
DA:66,0
DA:73,0
DA:81,0
DA:82,0
DA:84,0
DA:101,0
DA:117,0
DA:134,0
DA:143,0
DA:159,0
DA:172,0
DA:185,0
DA:193,0
DA:194,0
DA:198,0
DA:209,0
DA:211,0
DA:222,0
DA:229,0
DA:231,0
DA:241,0
DA:251,0
DA:252,0
DA:255,0
DA:256,0
DA:259,0
DA:267,0
DA:273,0
LF:44
LH:0
BRDA:32,0,0,0
BRDA:36,1,0,0
BRDA:36,1,1,0
BRDA:61,2,0,0
BRDA:149,3,0,0
BRDA:149,3,1,0
BRDA:193,4,0,0
BRDA:251,5,0,0
BRDA:255,6,0,0
BRDA:255,6,1,0
BRDA:283,7,0,0
BRDA:283,7,1,0
BRF:12
BRH:0
end_of_record
TN:
SF:apps\auth-service\src\strategies\jwt.strategy.ts
FN:18,(anonymous_2)
FN:32,(anonymous_3)
FN:74,(anonymous_4)
FNF:3
FNH:0
FNDA:0,(anonymous_2)
FNDA:0,(anonymous_3)
FNDA:0,(anonymous_4)
DA:1,0
DA:2,0
DA:3,0
DA:4,0
DA:5,0
DA:17,0
DA:19,0
DA:20,0
DA:22,0
DA:33,0
DA:36,0
DA:48,0
DA:49,0
DA:52,0
DA:53,0
DA:57,0
DA:75,0
DA:77,0
DA:89,0
DA:90,0
DA:93,0
LF:21
LH:0
BRDA:48,0,0,0
BRDA:52,1,0,0
BRDA:89,2,0,0
BRDA:89,3,0,0
BRDA:89,3,1,0
BRDA:89,3,2,0
BRF:6
BRH:0
end_of_record
TN:
SF:apps\auth-service\src\strategies\local.strategy.ts
FN:8,(anonymous_2)
FN:18,(anonymous_3)
FNF:2
FNH:0
FNDA:0,(anonymous_2)
FNDA:0,(anonymous_3)
DA:1,0
DA:2,0
DA:3,0
DA:4,0
DA:7,0
DA:8,0
DA:9,0
DA:19,0
DA:21,0
DA:22,0
DA:25,0
LF:11
LH:0
BRDA:21,0,0,0
BRF:1
BRH:0
end_of_record
TN:
SF:apps\novel-service\src\app.module.ts
FN:31,(anonymous_1)
FNF:1
FNH:0
FNDA:0,(anonymous_1)
DA:1,0
DA:2,0
DA:3,0
DA:4,0
DA:5,0
DA:6,0
DA:7,0
DA:8,0
DA:9,0
DA:10,0
DA:11,0
DA:12,0
DA:13,0
DA:14,0
DA:15,0
DA:31,0
DA:58,0
LF:17
LH:0
BRF:0
BRH:0
end_of_record
TN:
SF:apps\novel-service\src\dto\ai-config.dto.ts
FN:10,(anonymous_2)
FN:22,(anonymous_3)
FN:96,(anonymous_4)
FN:137,(anonymous_5)
FN:142,(anonymous_6)
FN:152,(anonymous_7)
FN:161,(anonymous_8)
FN:185,(anonymous_9)
FN:195,(anonymous_10)
FN:224,(anonymous_11)
FN:262,(anonymous_12)
FN:311,(anonymous_13)
FN:313,(anonymous_14)
FN:325,(anonymous_15)
FNF:14
FNH:0
FNDA:0,(anonymous_2)
FNDA:0,(anonymous_3)
FNDA:0,(anonymous_4)
FNDA:0,(anonymous_5)
FNDA:0,(anonymous_6)
FNDA:0,(anonymous_7)
FNDA:0,(anonymous_8)
FNDA:0,(anonymous_9)
FNDA:0,(anonymous_10)
FNDA:0,(anonymous_11)
FNDA:0,(anonymous_12)
FNDA:0,(anonymous_13)
FNDA:0,(anonymous_14)
FNDA:0,(anonymous_15)
DA:1,0
DA:2,0
DA:3,0
DA:10,0
DA:11,0
DA:12,0
DA:13,0
DA:14,0
DA:22,0
DA:27,0
DA:33,0
DA:39,0
DA:45,0
DA:50,0
DA:56,0
DA:60,0
DA:66,0
DA:70,0
DA:75,0
DA:80,0
DA:85,0
DA:90,0
DA:96,0
DA:99,0
DA:103,0
DA:106,0
DA:110,0
DA:114,0
DA:118,0
DA:122,0
DA:126,0
DA:130,0
DA:134,0
DA:137,0
DA:139,0
DA:142,0
DA:144,0
DA:150,0
DA:152,0
DA:153,0
DA:159,0
DA:161,0
DA:162,0
DA:168,0
DA:170,0
DA:174,0
DA:178,0
DA:182,0
DA:185,0
DA:187,0
DA:195,0
DA:198,0
DA:201,0
DA:205,0
DA:209,0
DA:213,0
DA:217,0
DA:221,0
DA:224,0
DA:226,0
DA:232,0
DA:235,0
DA:239,0
DA:243,0
DA:247,0
DA:251,0
DA:255,0
DA:259,0
DA:262,0
DA:264,0
DA:270,0
DA:287,0
DA:298,0
DA:301,0
DA:305,0
DA:311,0
DA:313,0
DA:314,0
DA:318,0
DA:322,0
DA:325,0
DA:327,0
DA:333,0
DA:344,0
LF:84
LH:0
BRDA:10,0,0,0
BRDA:10,0,1,0
BRF:2
BRH:0
end_of_record
TN:
SF:apps\novel-service\src\dto\collaboration.dto.ts
FN:4,(anonymous_2)
FN:12,(anonymous_3)
FNF:2
FNH:0
FNDA:0,(anonymous_2)
FNDA:0,(anonymous_3)
DA:1,0
DA:4,0
DA:5,0
DA:6,0
DA:7,0
DA:8,0
DA:12,0
DA:13,0
DA:14,0
DA:15,0
DA:19,0
DA:21,0
DA:24,0
DA:27,0
DA:31,0
DA:35,0
DA:38,0
DA:42,0
DA:46,0
DA:48,0
DA:51,0
DA:55,0
DA:57,0
DA:60,0
DA:64,0
DA:66,0
DA:69,0
DA:72,0
DA:75,0
LF:29
LH:0
BRDA:4,0,0,0
BRDA:4,0,1,0
BRDA:12,1,0,0
BRDA:12,1,1,0
BRF:4
BRH:0
end_of_record
TN:
SF:apps\novel-service\src\dto\comment.dto.ts
FN:4,(anonymous_2)
FNF:1
FNH:0
FNDA:0,(anonymous_2)
DA:1,0
DA:4,0
DA:5,0
DA:6,0
DA:7,0
DA:11,0
DA:13,0
DA:16,0
DA:19,0
DA:23,0
DA:27,0
DA:31,0
DA:34,0
DA:38,0
DA:42,0
DA:44,0
DA:48,0
DA:52,0
LF:18
LH:0
BRDA:4,0,0,0
BRDA:4,0,1,0
BRF:2
BRH:0
end_of_record
TN:
SF:apps\novel-service\src\dto\create-chapter.dto.ts
FN:5,(anonymous_2)
FNF:1
FNH:0
FNDA:0,(anonymous_2)
DA:1,0
DA:2,0
DA:3,0
DA:5,0
DA:14,0
DA:36,0
DA:45,0
DA:55,0
LF:8
LH:0
BRF:0
BRH:0
end_of_record
TN:
SF:apps\novel-service\src\dto\create-memory.dto.ts
FN:5,(anonymous_2)
FNF:1
FNH:0
FNDA:0,(anonymous_2)
DA:1,0
DA:2,0
DA:3,0
DA:5,0
DA:14,0
DA:90,0
DA:103,0
DA:114,0
DA:127,0
LF:9
LH:0
BRF:0
BRH:0
end_of_record
TN:
SF:apps\novel-service\src\dto\create-novel.dto.ts
FN:5,(anonymous_2)
FNF:1
FNH:0
FNDA:0,(anonymous_2)
DA:1,0
DA:2,0
DA:3,0
DA:5,0
DA:14,0
DA:22,0
DA:32,0
DA:42,0
DA:52,0
DA:98,0
LF:10
LH:0
BRF:0
BRH:0
end_of_record
TN:
SF:apps\novel-service\src\dto\material.dto.ts
FN:5,(anonymous_2)
FN:74,(anonymous_3)
FN:97,(anonymous_4)
FN:103,(anonymous_5)
FNF:4
FNH:0
FNDA:0,(anonymous_2)
FNDA:0,(anonymous_3)
FNDA:0,(anonymous_4)
FNDA:0,(anonymous_5)
DA:1,0
DA:2,0
DA:3,0
DA:5,0
DA:6,0
DA:7,0
DA:8,0
DA:9,0
DA:10,0
DA:13,0
DA:17,0
DA:21,0
DA:27,0
DA:32,0
DA:37,0
DA:42,0
DA:47,0
DA:50,0
DA:55,0
DA:61,0
DA:66,0
DA:71,0
DA:74,0
DA:78,0
DA:83,0
DA:88,0
DA:93,0
DA:97,0
DA:99,0
DA:103,0
DA:105,0
LF:31
LH:0
BRDA:5,0,0,0
BRDA:5,0,1,0
BRF:2
BRH:0
end_of_record
TN:
SF:apps\novel-service\src\dto\prompt.dto.ts
FN:60,(anonymous_2)
FNF:1
FNH:0
FNDA:0,(anonymous_2)
DA:1,0
DA:2,0
DA:4,0
DA:8,0
DA:12,0
DA:18,0
DA:23,0
DA:28,0
DA:31,0
DA:36,0
DA:41,0
DA:47,0
DA:52,0
DA:57,0
DA:60,0
DA:64,0
DA:69,0
DA:74,0
DA:79,0
DA:84,0
DA:87,0
DA:92,0
LF:22
LH:0
BRF:0
BRH:0
end_of_record
TN:
SF:apps\novel-service\src\dto\update-novel.dto.ts
FNF:0
FNH:0
DA:1,0
DA:2,0
DA:3,0
DA:5,0
DA:9,0
DA:14,0
LF:6
LH:0
BRF:0
BRH:0
end_of_record
TN:
SF:apps\novel-service\src\dto\version.dto.ts
FNF:0
FNH:0
DA:1,0
DA:4,0
DA:6,0
DA:9,0
DA:13,0
DA:17,0
DA:19,0
DA:22,0
DA:25,0
DA:29,0
DA:31,0
DA:34,0
DA:37,0
LF:13
LH:0
BRF:0
BRH:0
end_of_record
TN:
SF:apps\novel-service\src\filters\all-exceptions.filter.ts
FN:12,(anonymous_1)
FNF:1
FNH:0
FNDA:0,(anonymous_1)
DA:1,0
DA:11,0
DA:13,0
DA:14,0
DA:15,0
DA:17,0
DA:18,0
DA:19,0
DA:21,0
DA:22,0
DA:23,0
DA:25,0
DA:26,0
DA:27,0
DA:29,0
DA:30,0
DA:32,0
DA:33,0
DA:34,0
DA:37,0
DA:47,0
LF:21
LH:0
BRDA:21,0,0,0
BRDA:21,0,1,0
BRDA:25,1,0,0
BRDA:25,1,1,0
BRDA:25,2,0,0
BRDA:25,2,1,0
BRDA:26,3,0,0
BRDA:26,3,1,0
BRDA:27,4,0,0
BRDA:27,4,1,0
BRDA:32,5,0,0
BRDA:44,6,0,0
BRDA:44,6,1,0
BRF:13
BRH:0
end_of_record
TN:
SF:apps\novel-service\src\interceptors\response.interceptor.ts
FN:19,(anonymous_1)
FN:21,(anonymous_2)
FNF:2
FNH:0
FNDA:0,(anonymous_1)
FNDA:0,(anonymous_2)
DA:1,0
DA:8,0
DA:18,0
DA:20,0
DA:23,0
DA:24,0
DA:28,0
LF:7
LH:0
BRDA:23,0,0,0
BRDA:23,1,0,0
BRDA:23,1,1,0
BRDA:23,1,2,0
BRF:4
BRH:0
end_of_record
TN:
SF:apps\novel-service\src\modules\chapter\chapter.controller.ts
FN:31,(anonymous_4)
FN:63,(anonymous_5)
FN:101,(anonymous_6)
FN:120,(anonymous_7)
FN:150,(anonymous_8)
FN:166,(anonymous_9)
FN:193,(anonymous_10)
FN:213,(anonymous_11)
FN:244,(anonymous_12)
FN:284,(anonymous_13)
FNF:10
FNH:0
FNDA:0,(anonymous_4)
FNDA:0,(anonymous_5)
FNDA:0,(anonymous_6)
FNDA:0,(anonymous_7)
FNDA:0,(anonymous_8)
FNDA:0,(anonymous_9)
FNDA:0,(anonymous_10)
FNDA:0,(anonymous_11)
FNDA:0,(anonymous_12)
FNDA:0,(anonymous_13)
DA:1,0
DA:13,0
DA:21,0
DA:22,0
DA:23,0
DA:30,0
DA:31,0
DA:63,0
DA:68,0
DA:101,0
DA:105,0
DA:120,0
DA:121,0
DA:150,0
DA:151,0
DA:166,0
DA:171,0
DA:193,0
DA:198,0
DA:213,0
DA:214,0
DA:244,0
DA:249,0
DA:284,0
DA:289,0
LF:25
LH:0
BRF:0
BRH:0
end_of_record
TN:
SF:apps\novel-service\src\modules\chapter\chapter.module.ts
FNF:0
FNH:0
DA:1,0
DA:2,0
DA:3,0
DA:10,0
LF:4
LH:0
BRF:0
BRH:0
end_of_record
TN:
SF:apps\novel-service\src\modules\chapter\chapter.service.ts
FN:8,(anonymous_2)
FN:13,(anonymous_3)
FN:67,(anonymous_4)
FN:97,(anonymous_5)
FN:124,(anonymous_6)
FN:187,(anonymous_7)
FN:213,(anonymous_8)
FN:234,(anonymous_9)
FN:274,(anonymous_10)
FN:302,(anonymous_11)
FN:314,(anonymous_12)
FN:328,(anonymous_13)
FN:348,(anonymous_14)
FNF:13
FNH:0
FNDA:0,(anonymous_2)
FNDA:0,(anonymous_3)
FNDA:0,(anonymous_4)
FNDA:0,(anonymous_5)
FNDA:0,(anonymous_6)
FNDA:0,(anonymous_7)
FNDA:0,(anonymous_8)
FNDA:0,(anonymous_9)
FNDA:0,(anonymous_10)
FNDA:0,(anonymous_11)
FNDA:0,(anonymous_12)
FNDA:0,(anonymous_13)
FNDA:0,(anonymous_14)
DA:1,0
DA:2,0
DA:7,0
DA:8,0
DA:15,0
DA:19,0
DA:20,0
DA:24,0
DA:33,0
DA:34,0
DA:38,0
DA:41,0
DA:59,0
DA:61,0
DA:69,0
DA:73,0
DA:74,0
DA:77,0
DA:91,0
DA:98,0
DA:114,0
DA:115,0
DA:118,0
DA:126,0
DA:133,0
DA:134,0
DA:138,0
DA:139,0
DA:140,0
DA:144,0
DA:145,0
DA:154,0
DA:155,0
DA:159,0
DA:177,0
DA:178,0
DA:181,0
DA:189,0
DA:196,0
DA:197,0
DA:200,0
DA:205,0
DA:207,0
DA:214,0
DA:224,0
DA:225,0
DA:228,0
DA:236,0
DA:243,0
DA:244,0
DA:247,0
DA:249,0
DA:264,0
DA:265,0
DA:268,0
DA:276,0
DA:280,0
DA:281,0
DA:285,0
DA:293,0
DA:304,0
DA:308,0
DA:309,0
DA:313,0
DA:315,0
DA:322,0
DA:329,0
DA:332,0
DA:335,0
DA:336,0
DA:339,0
DA:340,0
DA:342,0
DA:349,0
DA:355,0
LF:75
LH:0
BRDA:19,0,0,0
BRDA:33,1,0,0
BRDA:73,2,0,0
BRDA:114,3,0,0
BRDA:133,4,0,0
BRDA:139,5,0,0
BRDA:144,6,0,0
BRDA:144,7,0,0
BRDA:144,7,1,0
BRDA:154,8,0,0
BRDA:177,9,0,0
BRDA:196,10,0,0
BRDA:224,11,0,0
BRDA:243,12,0,0
BRDA:264,13,0,0
BRDA:280,14,0,0
BRDA:308,15,0,0
BRDA:329,16,0,0
BRDA:336,17,0,0
BRDA:336,17,1,0
BRDA:340,18,0,0
BRDA:340,18,1,0
BRDA:358,19,0,0
BRDA:358,19,1,0
BRDA:359,20,0,0
BRDA:359,20,1,0
BRF:26
BRH:0
end_of_record
TN:
SF:apps\novel-service\src\modules\collaboration\collaboration.controller.ts
FN:29,(anonymous_4)
FN:33,(anonymous_5)
FN:39,(anonymous_6)
FN:45,(anonymous_7)
FN:54,(anonymous_8)
FN:60,(anonymous_9)
FN:66,(anonymous_10)
FN:82,(anonymous_11)
FN:88,(anonymous_12)
FN:94,(anonymous_13)
FN:100,(anonymous_14)
FN:106,(anonymous_15)
FNF:12
FNH:0
FNDA:0,(anonymous_4)
FNDA:0,(anonymous_5)
FNDA:0,(anonymous_6)
FNDA:0,(anonymous_7)
FNDA:0,(anonymous_8)
FNDA:0,(anonymous_9)
FNDA:0,(anonymous_10)
FNDA:0,(anonymous_11)
FNDA:0,(anonymous_12)
FNDA:0,(anonymous_13)
FNDA:0,(anonymous_14)
FNDA:0,(anonymous_15)
DA:1,0
DA:13,0
DA:14,0
DA:15,0
DA:22,0
DA:28,0
DA:29,0
DA:33,0
DA:34,0
DA:39,0
DA:40,0
DA:45,0
DA:49,0
DA:54,0
DA:55,0
DA:60,0
DA:61,0
DA:66,0
DA:72,0
DA:77,0
DA:82,0
DA:83,0
DA:88,0
DA:89,0
DA:94,0
DA:95,0
DA:100,0
DA:101,0
DA:106,0
DA:111,0
LF:30
LH:0
BRDA:113,0,0,0
BRDA:113,0,1,0
BRDA:114,1,0,0
BRDA:114,1,1,0
BRF:4
BRH:0
end_of_record
TN:
SF:apps\novel-service\src\modules\collaboration\collaboration.module.ts
FNF:0
FNH:0
DA:1,0
DA:2,0
DA:3,0
DA:4,0
DA:12,0
LF:5
LH:0
BRF:0
BRH:0
end_of_record
TN:
SF:apps\novel-service\src\modules\collaboration\collaboration.service.ts
FN:20,(anonymous_2)
FN:25,(anonymous_3)
FN:77,(anonymous_4)
FN:104,(anonymous_5)
FN:117,(anonymous_6)
FN:139,(anonymous_7)
FN:157,(anonymous_8)
FN:204,(anonymous_9)
FN:247,(anonymous_10)
FN:272,(anonymous_11)
FN:324,(anonymous_12)
FN:338,(anonymous_13)
FNF:12
FNH:0
FNDA:0,(anonymous_2)
FNDA:0,(anonymous_3)
FNDA:0,(anonymous_4)
FNDA:0,(anonymous_5)
FNDA:0,(anonymous_6)
FNDA:0,(anonymous_7)
FNDA:0,(anonymous_8)
FNDA:0,(anonymous_9)
FNDA:0,(anonymous_10)
FNDA:0,(anonymous_11)
FNDA:0,(anonymous_12)
FNDA:0,(anonymous_13)
DA:1,0
DA:7,0
DA:8,0
DA:19,0
DA:20,0
DA:27,0
DA:31,0
DA:32,0
DA:36,0
DA:44,0
DA:45,0
DA:49,0
DA:78,0
DA:108,0
DA:118,0
DA:122,0
DA:123,0
DA:126,0
DA:127,0
DA:130,0
DA:140,0
DA:144,0
DA:145,0
DA:148,0
DA:163,0
DA:167,0
DA:168,0
DA:172,0
DA:180,0
DA:181,0
DA:185,0
DA:186,0
DA:193,0
DA:198,0
DA:206,0
DA:213,0
DA:215,0
DA:216,0
DA:217,0
DA:221,0
DA:228,0
DA:248,0
DA:254,0
DA:255,0
DA:259,0
DA:260,0
DA:263,0
DA:273,0
DA:294,0
DA:295,0
DA:299,0
DA:300,0
DA:302,0
DA:306,0
DA:309,0
DA:325,0
DA:343,0
LF:57
LH:0
BRDA:31,0,0,0
BRDA:44,1,0,0
BRDA:122,2,0,0
BRDA:126,3,0,0
BRDA:144,4,0,0
BRDA:167,5,0,0
BRDA:180,6,0,0
BRDA:185,7,0,0
BRDA:213,8,0,0
BRDA:213,9,0,0
BRDA:213,9,1,0
BRDA:216,10,0,0
BRDA:222,11,0,0
BRDA:222,11,1,0
BRDA:254,12,0,0
BRDA:259,13,0,0
BRDA:294,14,0,0
BRDA:300,15,0,0
BRDA:340,16,0,0
BRDA:346,17,0,0
BRDA:346,17,1,0
BRF:21
BRH:0
end_of_record
TN:
SF:apps\novel-service\src\modules\comment\comment.controller.ts
FN:28,(anonymous_4)
FN:32,(anonymous_5)
FN:39,(anonymous_6)
FN:53,(anonymous_7)
FN:59,(anonymous_8)
FN:69,(anonymous_9)
FN:75,(anonymous_10)
FN:81,(anonymous_11)
FN:93,(anonymous_12)
FNF:9
FNH:0
FNDA:0,(anonymous_4)
FNDA:0,(anonymous_5)
FNDA:0,(anonymous_6)
FNDA:0,(anonymous_7)
FNDA:0,(anonymous_8)
FNDA:0,(anonymous_9)
FNDA:0,(anonymous_10)
FNDA:0,(anonymous_11)
FNDA:0,(anonymous_12)
DA:1,0
DA:13,0
DA:14,0
DA:15,0
DA:21,0
DA:27,0
DA:28,0
DA:32,0
DA:33,0
DA:34,0
DA:39,0
DA:44,0
DA:53,0
DA:54,0
DA:59,0
DA:64,0
DA:69,0
DA:70,0
DA:75,0
DA:76,0
DA:81,0
DA:85,0
DA:93,0
DA:94,0
LF:24
LH:0
BRDA:87,0,0,0
BRDA:87,0,1,0
BRF:2
BRH:0
end_of_record
TN:
SF:apps\novel-service\src\modules\comment\comment.module.ts
FNF:0
FNH:0
DA:1,0
DA:2,0
DA:3,0
DA:4,0
DA:12,0
LF:5
LH:0
BRF:0
BRH:0
end_of_record
TN:
SF:apps\novel-service\src\modules\comment\comment.service.ts
FN:16,(anonymous_2)
FN:21,(anonymous_3)
FN:75,(anonymous_4)
FN:131,(anonymous_5)
FN:177,(anonymous_6)
FN:203,(anonymous_7)
FN:226,(anonymous_8)
FN:244,(anonymous_9)
FN:284,(anonymous_10)
FNF:9
FNH:0
FNDA:0,(anonymous_2)
FNDA:0,(anonymous_3)
FNDA:0,(anonymous_4)
FNDA:0,(anonymous_5)
FNDA:0,(anonymous_6)
FNDA:0,(anonymous_7)
FNDA:0,(anonymous_8)
FNDA:0,(anonymous_9)
FNDA:0,(anonymous_10)
DA:1,0
DA:6,0
DA:7,0
DA:15,0
DA:16,0
DA:23,0
DA:27,0
DA:28,0
DA:32,0
DA:33,0
DA:37,0
DA:38,0
DA:41,0
DA:42,0
DA:46,0
DA:76,0
DA:80,0
DA:81,0
DA:84,0
DA:85,0
DA:89,0
DA:91,0
DA:132,0
DA:167,0
DA:168,0
DA:171,0
DA:182,0
DA:186,0
DA:187,0
DA:190,0
DA:191,0
DA:194,0
DA:204,0
DA:208,0
DA:209,0
DA:212,0
DA:213,0
DA:217,0
DA:227,0
DA:231,0
DA:232,0
DA:235,0
DA:245,0
DA:285,0
DA:289,0
DA:296,0
DA:303,0
LF:47
LH:0
BRDA:27,0,0,0
BRDA:32,1,0,0
BRDA:37,2,0,0
BRDA:41,3,0,0
BRDA:80,4,0,0
BRDA:84,5,0,0
BRDA:167,6,0,0
BRDA:186,7,0,0
BRDA:190,8,0,0
BRDA:208,9,0,0
BRDA:212,10,0,0
BRDA:231,11,0,0
BRDA:244,12,0,0
BRF:13
BRH:0
end_of_record
TN:
SF:apps\novel-service\src\modules\health\health.controller.ts
FN:6,(anonymous_2)
FN:9,(anonymous_3)
FNF:2
FNH:0
FNDA:0,(anonymous_2)
FNDA:0,(anonymous_3)
DA:1,0
DA:2,0
DA:5,0
DA:6,0
DA:9,0
DA:10,0
LF:6
LH:0
BRF:0
BRH:0
end_of_record
TN:
SF:apps\novel-service\src\modules\health\health.module.ts
FNF:0
FNH:0
DA:1,0
DA:2,0
DA:3,0
DA:9,0
LF:4
LH:0
BRF:0
BRH:0
end_of_record
TN:
SF:apps\novel-service\src\modules\health\health.service.ts
FN:5,(anonymous_1)
FNF:1
FNH:0
FNDA:0,(anonymous_1)
DA:1,0
DA:4,0
DA:6,0
LF:3
LH:0
BRF:0
BRH:0
end_of_record
TN:
SF:apps\novel-service\src\modules\material\material.controller.ts
FN:23,(anonymous_4)
FN:27,(anonymous_5)
FN:33,(anonymous_6)
FN:39,(anonymous_7)
FN:45,(anonymous_8)
FN:51,(anonymous_9)
FN:57,(anonymous_10)
FN:63,(anonymous_11)
FN:69,(anonymous_12)
FNF:9
FNH:0
FNDA:0,(anonymous_4)
FNDA:0,(anonymous_5)
FNDA:0,(anonymous_6)
FNDA:0,(anonymous_7)
FNDA:0,(anonymous_8)
FNDA:0,(anonymous_9)
FNDA:0,(anonymous_10)
FNDA:0,(anonymous_11)
FNDA:0,(anonymous_12)
DA:1,0
DA:13,0
DA:14,0
DA:15,0
DA:16,0
DA:22,0
DA:23,0
DA:27,0
DA:28,0
DA:33,0
DA:34,0
DA:39,0
DA:40,0
DA:45,0
DA:46,0
DA:51,0
DA:52,0
DA:57,0
DA:58,0
DA:63,0
DA:64,0
DA:69,0
DA:70,0
LF:23
LH:0
BRF:0
BRH:0
end_of_record
TN:
SF:apps\novel-service\src\modules\material\material.module.ts
FNF:0
FNH:0
DA:1,0
DA:2,0
DA:3,0
DA:4,0
DA:12,0
LF:5
LH:0
BRF:0
BRH:0
end_of_record
TN:
SF:apps\novel-service\src\modules\material\material.service.ts
FN:8,(anonymous_2)
FN:13,(anonymous_3)
FN:33,(anonymous_4)
FN:64,(anonymous_5)
FN:65,(anonymous_6)
FN:67,(anonymous_7)
FN:86,(anonymous_8)
FN:111,(anonymous_9)
FN:140,(anonymous_10)
FN:163,(anonymous_11)
FN:171,(anonymous_12)
FN:172,(anonymous_13)
FN:180,(anonymous_14)
FN:187,(anonymous_15)
FN:189,(anonymous_16)
FN:199,(anonymous_17)
FN:211,(anonymous_18)
FNF:17
FNH:0
FNDA:0,(anonymous_2)
FNDA:0,(anonymous_3)
FNDA:0,(anonymous_4)
FNDA:0,(anonymous_5)
FNDA:0,(anonymous_6)
FNDA:0,(anonymous_7)
FNDA:0,(anonymous_8)
FNDA:0,(anonymous_9)
FNDA:0,(anonymous_10)
FNDA:0,(anonymous_11)
FNDA:0,(anonymous_12)
FNDA:0,(anonymous_13)
FNDA:0,(anonymous_14)
FNDA:0,(anonymous_15)
FNDA:0,(anonymous_16)
FNDA:0,(anonymous_17)
FNDA:0,(anonymous_18)
DA:1,0
DA:2,0
DA:7,0
DA:8,0
DA:14,0
DA:27,0
DA:34,0
DA:36,0
DA:49,0
DA:60,0
DA:61,0
DA:63,0
DA:64,0
DA:65,0
DA:66,0
DA:67,0
DA:70,0
DA:71,0
DA:74,0
DA:87,0
DA:91,0
DA:92,0
DA:95,0
DA:96,0
DA:100,0
DA:105,0
DA:112,0
DA:116,0
DA:117,0
DA:120,0
DA:121,0
DA:124,0
DA:134,0
DA:141,0
DA:145,0
DA:146,0
DA:149,0
DA:150,0
DA:153,0
DA:157,0
DA:164,0
DA:170,0
DA:171,0
DA:172,0
DA:174,0
DA:181,0
DA:186,0
DA:187,0
DA:188,0
DA:189,0
DA:193,0
DA:200,0
DA:207,0
DA:209,0
DA:211,0
LF:55
LH:0
BRDA:23,0,0,0
BRDA:23,0,1,0
BRDA:34,1,0,0
BRDA:34,2,0,0
BRDA:38,3,0,0
BRDA:38,3,1,0
BRDA:39,4,0,0
BRDA:39,4,1,0
BRDA:40,5,0,0
BRDA:40,5,1,0
BRDA:63,6,0,0
BRDA:66,7,0,0
BRDA:66,8,0,0
BRDA:66,8,1,0
BRDA:91,9,0,0
BRDA:95,10,0,0
BRDA:116,11,0,0
BRDA:120,12,0,0
BRDA:127,13,0,0
BRDA:127,13,1,0
BRDA:128,14,0,0
BRDA:128,14,1,0
BRDA:129,15,0,0
BRDA:129,15,1,0
BRDA:130,16,0,0
BRDA:130,16,1,0
BRDA:145,17,0,0
BRDA:149,18,0,0
BRDA:172,19,0,0
BRDA:172,19,1,0
BRDA:188,20,0,0
BRDA:214,21,0,0
BRDA:214,21,1,0
BRF:33
BRH:0
end_of_record
TN:
SF:apps\novel-service\src\modules\memory\memory.controller.ts
FN:33,(anonymous_4)
FN:63,(anonymous_5)
FN:84,(anonymous_6)
FN:101,(anonymous_7)
FN:106,(anonymous_8)
FN:115,(anonymous_9)
FN:120,(anonymous_10)
FN:155,(anonymous_11)
FN:174,(anonymous_12)
FN:190,(anonymous_13)
FN:199,(anonymous_14)
FNF:11
FNH:0
FNDA:0,(anonymous_4)
FNDA:0,(anonymous_5)
FNDA:0,(anonymous_6)
FNDA:0,(anonymous_7)
FNDA:0,(anonymous_8)
FNDA:0,(anonymous_9)
FNDA:0,(anonymous_10)
FNDA:0,(anonymous_11)
FNDA:0,(anonymous_12)
FNDA:0,(anonymous_13)
FNDA:0,(anonymous_14)
DA:1,0
DA:14,0
DA:23,0
DA:24,0
DA:25,0
DA:26,0
DA:32,0
DA:33,0
DA:63,0
DA:68,0
DA:84,0
DA:91,0
DA:97,0
DA:101,0
DA:102,0
DA:106,0
DA:111,0
DA:115,0
DA:116,0
DA:120,0
DA:125,0
DA:155,0
DA:162,0
DA:164,0
DA:165,0
DA:166,0
DA:167,0
DA:170,0
DA:174,0
DA:180,0
DA:190,0
DA:195,0
DA:199,0
DA:208,0
LF:34
LH:0
BRDA:93,0,0,0
BRDA:93,0,1,0
BRDA:164,1,0,0
BRDA:165,2,0,0
BRDA:166,3,0,0
BRF:5
BRH:0
end_of_record
TN:
SF:apps\novel-service\src\modules\memory\memory.module.ts
FNF:0
FNH:0
DA:1,0
DA:2,0
DA:3,0
DA:10,0
LF:4
LH:0
BRF:0
BRH:0
end_of_record
TN:
SF:apps\novel-service\src\modules\memory\memory.service.ts
FN:8,(anonymous_2)
FN:13,(anonymous_3)
FN:36,(anonymous_4)
FN:82,(anonymous_5)
FN:109,(anonymous_6)
FN:133,(anonymous_7)
FN:156,(anonymous_8)
FN:243,(anonymous_9)
FN:302,(anonymous_10)
FN:359,(anonymous_11)
FN:385,(anonymous_12)
FN:435,(anonymous_13)
FN:452,(anonymous_14)
FN:479,(anonymous_15)
FN:498,(anonymous_16)
FN:515,(anonymous_17)
FNF:16
FNH:0
FNDA:0,(anonymous_2)
FNDA:0,(anonymous_3)
FNDA:0,(anonymous_4)
FNDA:0,(anonymous_5)
FNDA:0,(anonymous_6)
FNDA:0,(anonymous_7)
FNDA:0,(anonymous_8)
FNDA:0,(anonymous_9)
FNDA:0,(anonymous_10)
FNDA:0,(anonymous_11)
FNDA:0,(anonymous_12)
FNDA:0,(anonymous_13)
FNDA:0,(anonymous_14)
FNDA:0,(anonymous_15)
FNDA:0,(anonymous_16)
FNDA:0,(anonymous_17)
DA:1,0
DA:2,0
DA:4,0
DA:7,0
DA:8,0
DA:15,0
DA:19,0
DA:20,0
DA:23,0
DA:30,0
DA:42,0
DA:46,0
DA:47,0
DA:50,0
DA:52,0
DA:53,0
DA:56,0
DA:58,0
DA:59,0
DA:61,0
DA:62,0
DA:64,0
DA:65,0
DA:67,0
DA:70,0
DA:76,0
DA:83,0
DA:99,0
DA:100,0
DA:103,0
DA:111,0
DA:118,0
DA:119,0
DA:122,0
DA:127,0
DA:135,0
DA:142,0
DA:143,0
DA:146,0
DA:150,0
DA:158,0
DA:162,0
DA:163,0
DA:167,0
DA:171,0
DA:172,0
DA:176,0
DA:206,0
DA:217,0
DA:228,0
DA:237,0
DA:249,0
DA:253,0
DA:254,0
DA:257,0
DA:260,0
DA:270,0
DA:271,0
DA:273,0
DA:274,0
DA:275,0
DA:277,0
DA:278,0
DA:279,0
DA:281,0
DA:285,0
DA:304,0
DA:308,0
DA:309,0
DA:313,0
DA:321,0
DA:329,0
DA:331,0
DA:341,0
DA:353,0
DA:361,0
DA:365,0
DA:366,0
DA:369,0
DA:376,0
DA:391,0
DA:395,0
DA:396,0
DA:399,0
DA:401,0
DA:404,0
DA:406,0
DA:407,0
DA:410,0
DA:411,0
DA:412,0
DA:413,0
DA:416,0
DA:417,0
DA:420,0
DA:421,0
DA:424,0
DA:426,0
DA:436,0
DA:438,0
DA:439,0
DA:442,0
DA:444,0
DA:445,0
DA:447,0
DA:449,0
DA:450,0
DA:451,0
DA:452,0
DA:453,0
DA:457,0
DA:458,0
DA:461,0
DA:462,0
DA:465,0
DA:468,0
DA:469,0
DA:471,0
DA:472,0
DA:474,0
DA:477,0
DA:478,0
DA:479,0
DA:480,0
DA:483,0
DA:486,0
DA:489,0
DA:492,0
DA:499,0
DA:502,0
DA:505,0
DA:506,0
DA:509,0
DA:516,0
DA:519,0
DA:520,0
DA:523,0
DA:525,0
LF:138
LH:0
BRDA:19,0,0,0
BRDA:46,1,0,0
BRDA:50,2,0,0
BRDA:50,3,0,0
BRDA:50,4,0,0
BRDA:50,4,1,0
BRDA:53,5,0,0
BRDA:56,6,0,0
BRDA:56,6,1,0
BRDA:56,6,2,0
BRDA:56,6,3,0
BRDA:99,7,0,0
BRDA:118,8,0,0
BRDA:142,9,0,0
BRDA:156,10,0,0
BRDA:162,11,0,0
BRDA:171,12,0,0
BRDA:179,13,0,0
BRDA:179,13,1,0
BRDA:180,14,0,0
BRDA:180,14,1,0
BRDA:180,14,2,0
BRDA:181,15,0,0
BRDA:181,15,1,0
BRDA:182,16,0,0
BRDA:182,16,1,0
BRDA:182,16,2,0
BRDA:243,17,0,0
BRDA:253,18,0,0
BRDA:257,19,0,0
BRDA:257,20,0,0
BRDA:277,21,0,0
BRDA:277,21,1,0
BRDA:302,22,0,0
BRDA:308,23,0,0
BRDA:329,24,0,0
BRDA:329,24,1,0
BRDA:365,25,0,0
BRDA:385,26,0,0
BRDA:395,27,0,0
BRDA:399,28,0,0
BRDA:399,29,0,0
BRDA:399,30,0,0
BRDA:406,31,0,0
BRDA:410,32,0,0
BRDA:416,33,0,0
BRDA:420,34,0,0
BRDA:438,35,0,0
BRDA:447,36,0,0
BRDA:447,36,1,0
BRDA:447,36,2,0
BRDA:447,36,3,0
BRDA:449,37,0,0
BRDA:450,38,0,0
BRDA:450,39,0,0
BRDA:450,39,1,0
BRDA:453,40,0,0
BRDA:453,40,1,0
BRDA:457,41,0,0
BRDA:458,42,0,0
BRDA:458,42,1,0
BRDA:461,43,0,0
BRDA:468,44,0,0
BRDA:471,45,0,0
BRDA:471,46,0,0
BRDA:471,46,1,0
BRDA:477,47,0,0
BRDA:477,48,0,0
BRDA:477,48,1,0
BRDA:480,49,0,0
BRDA:480,49,1,0
BRDA:499,50,0,0
BRDA:499,51,0,0
BRDA:499,51,1,0
BRDA:505,52,0,0
BRDA:505,52,1,0
BRDA:519,53,0,0
BRDA:519,53,1,0
BRDA:520,54,0,0
BRF:79
BRH:0
end_of_record
TN:
SF:apps\novel-service\src\modules\novel\novel.controller.ts
FN:34,(anonymous_4)
FN:94,(anonymous_5)
FN:150,(anonymous_6)
FN:210,(anonymous_7)
FN:215,(anonymous_8)
FN:224,(anonymous_9)
FN:229,(anonymous_10)
FN:234,(anonymous_11)
FN:239,(anonymous_12)
FNF:9
FNH:0
FNDA:0,(anonymous_4)
FNDA:0,(anonymous_5)
FNDA:0,(anonymous_6)
FNDA:0,(anonymous_7)
FNDA:0,(anonymous_8)
FNDA:0,(anonymous_9)
FNDA:0,(anonymous_10)
FNDA:0,(anonymous_11)
FNDA:0,(anonymous_12)
DA:1,0
DA:14,0
DA:23,0
DA:24,0
DA:25,0
DA:26,0
DA:27,0
DA:33,0
DA:34,0
DA:94,0
DA:98,0
DA:150,0
DA:157,0
DA:164,0
DA:210,0
DA:211,0
DA:215,0
DA:220,0
DA:224,0
DA:225,0
DA:229,0
DA:230,0
DA:234,0
DA:235,0
DA:239,0
DA:244,0
LF:26
LH:0
BRDA:160,0,0,0
BRDA:160,0,1,0
BRDA:161,1,0,0
BRDA:161,1,1,0
BRF:4
BRH:0
end_of_record
TN:
SF:apps\novel-service\src\modules\novel\novel.module.ts
FNF:0
FNH:0
DA:1,0
DA:2,0
DA:3,0
DA:10,0
LF:4
LH:0
BRF:0
BRH:0
end_of_record
TN:
SF:apps\novel-service\src\modules\novel\novel.service.ts
FN:9,(anonymous_2)
FN:14,(anonymous_3)
FN:53,(anonymous_4)
FN:99,(anonymous_5)
FN:141,(anonymous_6)
FN:171,(anonymous_7)
FN:192,(anonymous_8)
FN:227,(anonymous_9)
FN:243,(anonymous_10)
FNF:9
FNH:0
FNDA:0,(anonymous_2)
FNDA:0,(anonymous_3)
FNDA:0,(anonymous_4)
FNDA:0,(anonymous_5)
FNDA:0,(anonymous_6)
FNDA:0,(anonymous_7)
FNDA:0,(anonymous_8)
FNDA:0,(anonymous_9)
FNDA:0,(anonymous_10)
DA:1,0
DA:2,0
DA:8,0
DA:9,0
DA:16,0
DA:20,0
DA:21,0
DA:25,0
DA:47,0
DA:59,0
DA:61,0
DA:62,0
DA:63,0
DA:65,0
DA:67,0
DA:85,0
DA:100,0
DA:131,0
DA:132,0
DA:135,0
DA:143,0
DA:147,0
DA:148,0
DA:152,0
DA:165,0
DA:173,0
DA:177,0
DA:178,0
DA:182,0
DA:186,0
DA:194,0
DA:198,0
DA:199,0
DA:203,0
DA:209,0
DA:210,0
DA:213,0
DA:221,0
DA:228,0
DA:233,0
DA:234,0
DA:237,0
DA:245,0
DA:249,0
DA:250,0
DA:254,0
DA:255,0
DA:257,0
DA:263,0
LF:49
LH:0
BRDA:20,0,0,0
BRDA:59,1,0,0
BRDA:59,2,0,0
BRDA:59,3,0,0
BRDA:59,3,1,0
BRDA:62,4,0,0
BRDA:63,5,0,0
BRDA:131,6,0,0
BRDA:147,7,0,0
BRDA:177,8,0,0
BRDA:198,9,0,0
BRDA:209,10,0,0
BRDA:209,10,1,0
BRDA:210,11,0,0
BRDA:210,11,1,0
BRDA:233,12,0,0
BRDA:237,13,0,0
BRDA:237,13,1,0
BRDA:249,14,0,0
BRDA:254,15,0,0
BRDA:254,15,1,0
BRF:21
BRH:0
end_of_record
TN:
SF:apps\novel-service\src\modules\prompt\prompt.controller.ts
FN:21,(anonymous_4)
FN:27,(anonymous_5)
FN:33,(anonymous_6)
FN:40,(anonymous_7)
FN:47,(anonymous_8)
FN:54,(anonymous_9)
FN:62,(anonymous_10)
FN:68,(anonymous_11)
FN:77,(anonymous_12)
FN:85,(anonymous_13)
FN:93,(anonymous_14)
FNF:11
FNH:0
FNDA:0,(anonymous_4)
FNDA:0,(anonymous_5)
FNDA:0,(anonymous_6)
FNDA:0,(anonymous_7)
FNDA:0,(anonymous_8)
FNDA:0,(anonymous_9)
FNDA:0,(anonymous_10)
FNDA:0,(anonymous_11)
FNDA:0,(anonymous_12)
FNDA:0,(anonymous_13)
FNDA:0,(anonymous_14)
DA:1,0
DA:13,0
DA:14,0
DA:15,0
DA:16,0
DA:20,0
DA:21,0
DA:27,0
DA:28,0
DA:33,0
DA:34,0
DA:35,0
DA:40,0
DA:41,0
DA:42,0
DA:47,0
DA:48,0
DA:49,0
DA:54,0
DA:55,0
DA:62,0
DA:63,0
DA:68,0
DA:69,0
DA:70,0
DA:77,0
DA:78,0
DA:85,0
DA:86,0
DA:93,0
DA:94,0
LF:31
LH:0
BRDA:55,0,0,0
BRDA:55,0,1,0
BRDA:63,1,0,0
BRDA:63,1,1,0
BRF:4
BRH:0
end_of_record
TN:
SF:apps\novel-service\src\modules\prompt\prompt.module.ts
FNF:0
FNH:0
DA:1,0
DA:2,0
DA:3,0
DA:4,0
DA:12,0
LF:5
LH:0
BRF:0
BRH:0
end_of_record
TN:
SF:apps\novel-service\src\modules\prompt\prompt.service.ts
FN:8,(anonymous_2)
FN:13,(anonymous_3)
FN:31,(anonymous_4)
FN:90,(anonymous_5)
FN:125,(anonymous_6)
FN:155,(anonymous_7)
FN:178,(anonymous_8)
FN:204,(anonymous_9)
FN:221,(anonymous_10)
FN:222,(anonymous_11)
FN:230,(anonymous_12)
FN:246,(anonymous_13)
FN:248,(anonymous_14)
FN:258,(anonymous_15)
FN:283,(anonymous_16)
FN:292,(anonymous_17)
FNF:16
FNH:0
FNDA:0,(anonymous_2)
FNDA:0,(anonymous_3)
FNDA:0,(anonymous_4)
FNDA:0,(anonymous_5)
FNDA:0,(anonymous_6)
FNDA:0,(anonymous_7)
FNDA:0,(anonymous_8)
FNDA:0,(anonymous_9)
FNDA:0,(anonymous_10)
FNDA:0,(anonymous_11)
FNDA:0,(anonymous_12)
FNDA:0,(anonymous_13)
FNDA:0,(anonymous_14)
FNDA:0,(anonymous_15)
FNDA:0,(anonymous_16)
FNDA:0,(anonymous_17)
DA:1,0
DA:2,0
DA:7,0
DA:8,0
DA:14,0
DA:25,0
DA:32,0
DA:34,0
DA:55,0
DA:78,0
DA:91,0
DA:104,0
DA:105,0
DA:109,0
DA:110,0
DA:114,0
DA:119,0
DA:126,0
DA:130,0
DA:131,0
DA:134,0
DA:135,0
DA:138,0
DA:149,0
DA:156,0
DA:160,0
DA:161,0
DA:164,0
DA:165,0
DA:168,0
DA:172,0
DA:179,0
DA:183,0
DA:184,0
DA:188,0
DA:190,0
DA:198,0
DA:205,0
DA:214,0
DA:220,0
DA:221,0
DA:222,0
DA:224,0
DA:231,0
DA:240,0
DA:245,0
DA:246,0
DA:247,0
DA:248,0
DA:252,0
DA:259,0
DA:277,0
DA:285,0
DA:292,0
DA:294,0
DA:295,0
DA:298,0
DA:320,0
LF:58
LH:0
BRDA:20,0,0,0
BRDA:20,0,1,0
BRDA:21,1,0,0
BRDA:21,1,1,0
BRDA:32,2,0,0
BRDA:32,3,0,0
BRDA:35,4,0,0
BRDA:35,4,1,0
BRDA:37,5,0,0
BRDA:37,5,1,0
BRDA:46,6,0,0
BRDA:46,6,1,0
BRDA:47,7,0,0
BRDA:47,7,1,0
BRDA:104,8,0,0
BRDA:109,9,0,0
BRDA:109,10,0,0
BRDA:109,10,1,0
BRDA:130,11,0,0
BRDA:134,12,0,0
BRDA:141,13,0,0
BRDA:141,13,1,0
BRDA:142,14,0,0
BRDA:142,14,1,0
BRDA:143,15,0,0
BRDA:143,15,1,0
BRDA:144,16,0,0
BRDA:144,16,1,0
BRDA:145,17,0,0
BRDA:145,17,1,0
BRDA:160,18,0,0
BRDA:164,19,0,0
BRDA:183,20,0,0
BRDA:205,21,0,0
BRDA:205,21,1,0
BRDA:222,22,0,0
BRDA:222,22,1,0
BRDA:231,23,0,0
BRDA:231,23,1,0
BRDA:247,24,0,0
BRDA:258,25,0,0
BRDA:283,26,0,0
BRDA:294,27,0,0
BRF:43
BRH:0
end_of_record
TN:
SF:apps\novel-service\src\modules\version\version.controller.ts
FN:26,(anonymous_4)
FN:30,(anonymous_5)
FN:36,(anonymous_6)
FN:48,(anonymous_7)
FN:60,(anonymous_8)
FN:66,(anonymous_9)
FN:72,(anonymous_10)
FN:84,(anonymous_11)
FNF:8
FNH:0
FNDA:0,(anonymous_4)
FNDA:0,(anonymous_5)
FNDA:0,(anonymous_6)
FNDA:0,(anonymous_7)
FNDA:0,(anonymous_8)
FNDA:0,(anonymous_9)
FNDA:0,(anonymous_10)
FNDA:0,(anonymous_11)
DA:1,0
DA:12,0
DA:13,0
DA:14,0
DA:19,0
DA:25,0
DA:26,0
DA:30,0
DA:31,0
DA:36,0
DA:40,0
DA:48,0
DA:52,0
DA:60,0
DA:61,0
DA:66,0
DA:67,0
DA:72,0
DA:76,0
DA:84,0
DA:85,0
LF:21
LH:0
BRDA:42,0,0,0
BRDA:42,0,1,0
BRDA:78,1,0,0
BRDA:78,1,1,0
BRF:4
BRH:0
end_of_record
TN:
SF:apps\novel-service\src\modules\version\version.module.ts
FNF:0
FNH:0
DA:1,0
DA:2,0
DA:3,0
DA:4,0
DA:12,0
LF:5
LH:0
BRF:0
BRH:0
end_of_record
TN:
SF:apps\novel-service\src\modules\version\version.service.ts
FN:15,(anonymous_2)
FN:20,(anonymous_3)
FN:55,(anonymous_4)
FN:80,(anonymous_5)
FN:114,(anonymous_6)
FN:154,(anonymous_7)
FN:185,(anonymous_8)
FN:206,(anonymous_9)
FN:220,(anonymous_10)
FNF:9
FNH:0
FNDA:0,(anonymous_2)
FNDA:0,(anonymous_3)
FNDA:0,(anonymous_4)
FNDA:0,(anonymous_5)
FNDA:0,(anonymous_6)
FNDA:0,(anonymous_7)
FNDA:0,(anonymous_8)
FNDA:0,(anonymous_9)
FNDA:0,(anonymous_10)
DA:1,0
DA:6,0
DA:14,0
DA:15,0
DA:22,0
DA:26,0
DA:27,0
DA:31,0
DA:36,0
DA:39,0
DA:56,0
DA:81,0
DA:104,0
DA:105,0
DA:108,0
DA:115,0
DA:116,0
DA:119,0
DA:120,0
DA:122,0
DA:123,0
DA:125,0
DA:156,0
DA:159,0
DA:169,0
DA:175,0
DA:187,0
DA:191,0
DA:192,0
DA:196,0
DA:203,0
DA:206,0
DA:211,0
DA:221,0
DA:226,0
DA:227,0
DA:235,0
DA:236,0
DA:237,0
DA:239,0
LF:40
LH:0
BRDA:26,0,0,0
BRDA:36,1,0,0
BRDA:36,1,1,0
BRDA:55,2,0,0
BRDA:104,3,0,0
BRDA:119,4,0,0
BRDA:119,4,1,0
BRDA:120,5,0,0
BRDA:120,5,1,0
BRDA:185,6,0,0
BRDA:191,7,0,0
BRDA:226,8,0,0
BRF:12
BRH:0
end_of_record
TN:
SF:apps\novel-service\src\strategies\jwt.strategy.ts
FN:18,(anonymous_2)
FN:32,(anonymous_3)
FNF:2
FNH:0
FNDA:0,(anonymous_2)
FNDA:0,(anonymous_3)
DA:1,0
DA:2,0
DA:3,0
DA:4,0
DA:5,0
DA:17,0
DA:19,0
DA:20,0
DA:22,0
DA:33,0
DA:36,0
DA:48,0
DA:49,0
DA:52,0
DA:53,0
DA:57,0
LF:16
LH:0
BRDA:48,0,0,0
BRDA:52,1,0,0
BRF:2
BRH:0
end_of_record
TN:
SF:apps\payment-service\src\app.module.ts
FN:21,(anonymous_1)
FNF:1
FNH:0
FNDA:0,(anonymous_1)
DA:1,0
DA:2,0
DA:3,0
DA:4,0
DA:5,0
DA:6,0
DA:7,0
DA:8,0
DA:9,0
DA:10,0
DA:21,0
DA:35,0
LF:12
LH:0
BRF:0
BRH:0
end_of_record
TN:
SF:apps\payment-service\src\dto\create-package.dto.ts
FN:20,(anonymous_2)
FN:26,(anonymous_3)
FN:44,(anonymous_4)
FNF:3
FNH:0
FNDA:0,(anonymous_2)
FNDA:0,(anonymous_3)
FNDA:0,(anonymous_4)
DA:1,0
DA:2,0
DA:3,0
DA:4,0
DA:6,0
DA:10,0
DA:15,0
DA:20,0
DA:21,0
DA:26,0
DA:27,0
DA:39,0
DA:44,0
DA:45,0
DA:50,0
LF:15
LH:0
BRF:0
BRH:0
end_of_record
TN:
SF:apps\payment-service\src\dto\create-payment-order.dto.ts
FN:9,(anonymous_2)
FNF:1
FNH:0
FNDA:0,(anonymous_2)
DA:1,0
DA:2,0
DA:3,0
DA:4,0
DA:6,0
DA:9,0
DA:10,0
DA:14,0
LF:8
LH:0
BRF:0
BRH:0
end_of_record
TN:
SF:apps\payment-service\src\dto\create-subscription.dto.ts
FN:8,(anonymous_2)
FNF:1
FNH:0
FNDA:0,(anonymous_2)
DA:1,0
DA:2,0
DA:3,0
DA:5,0
DA:8,0
DA:9,0
DA:14,0
LF:7
LH:0
BRF:0
BRH:0
end_of_record
TN:
SF:apps\payment-service\src\dto\query-package.dto.ts
FN:16,(anonymous_2)
FN:23,(anonymous_3)
FNF:2
[...]
FN:180,(anonymous_9)
FN:215,(anonymous_10)
FN:229,(anonymous_11)
FN:236,(anonymous_12)
FN:247,(anonymous_13)
FNF:12
FNH:0
FNDA:0,(anonymous_2)
FNDA:0,(anonymous_3)
FNDA:0,(anonymous_4)
FNDA:0,(anonymous_5)
FNDA:0,(anonymous_6)
FNDA:0,(anonymous_7)
FNDA:0,(anonymous_8)
FNDA:0,(anonymous_9)
FNDA:0,(anonymous_10)
FNDA:0,(anonymous_11)
FNDA:0,(anonymous_12)
FNDA:0,(anonymous_13)
DA:1,0
DA:2,0
DA:5,0
DA:6,0
DA:7,0
DA:8,0
DA:9,0
DA:12,0
DA:14,0
DA:15,0
DA:16,0
DA:17,0
DA:18,0
DA:22,0
DA:25,0
DA:28,0
DA:31,0
DA:32,0
DA:34,0
DA:52,0
DA:56,0
DA:57,0
DA:59,0
DA:61,0
DA:77,0
DA:89,0
DA:99,0
DA:100,0
DA:103,0
DA:104,0
DA:107,0
DA:111,0
DA:113,0
DA:114,0
DA:117,0
DA:118,0
DA:123,0
DA:125,0
DA:130,0
DA:132,0
DA:137,0
DA:139,0
DA:142,0
DA:150,0
DA:151,0
DA:152,0
DA:155,0
DA:157,0
DA:158,0
DA:161,0
DA:166,0
DA:167,0
DA:168,0
DA:171,0
DA:173,0
DA:174,0
DA:177,0
DA:181,0
DA:183,0
DA:184,0
DA:188,0
DA:202,0
DA:207,0
DA:208,0
DA:209,0
DA:212,0
DA:216,0
DA:218,0
DA:219,0
DA:222,0
DA:230,0
DA:231,0
DA:232,0
DA:237,0
DA:244,0
DA:245,0
DA:247,0
DA:253,0
LF:78
LH:0
BRDA:56,0,0,0
BRDA:56,1,0,0
BRDA:59,2,0,0
BRDA:59,2,1,0
BRDA:99,3,0,0
BRDA:103,4,0,0
BRDA:103,5,0,0
BRDA:103,5,1,0
BRDA:113,6,0,0
BRDA:117,7,0,0
BRDA:123,8,0,0
BRDA:123,8,1,0
BRDA:123,8,2,0
BRDA:151,9,0,0
BRDA:157,10,0,0
BRDA:167,11,0,0
BRDA:173,12,0,0
BRDA:183,13,0,0
BRDA:208,14,0,0
BRDA:218,15,0,0
BRDA:244,16,0,0
BRF:21
BRH:0
end_of_record
TN:
SF:apps\payment-service\src\modules\payment\wechat.service.ts
FN:4,(anonymous_1)
FN:17,(anonymous_2)
FN:48,(anonymous_3)
FN:63,(anonymous_4)
FN:67,(anonymous_5)
FN:70,(anonymous_6)
FN:71,(anonymous_7)
FN:81,(anonymous_8)
FN:82,(anonymous_9)
FNF:9
FNH:0
FNDA:0,(anonymous_1)
FNDA:0,(anonymous_2)
FNDA:0,(anonymous_3)
FNDA:0,(anonymous_4)
FNDA:0,(anonymous_5)
FNDA:0,(anonymous_6)
FNDA:0,(anonymous_7)
FNDA:0,(anonymous_8)
FNDA:0,(anonymous_9)
DA:1,0
DA:4,0
DA:5,0
DA:8,0
DA:22,0
DA:25,0
DA:38,0
DA:39,0
DA:41,0
DA:50,0
DA:52,0
DA:53,0
DA:54,0
DA:56,0
DA:58,0
DA:59,0
DA:64,0
DA:68,0
DA:69,0
DA:70,0
DA:71,0
DA:74,0
DA:78,0
DA:82,0
DA:83,0
DA:84,0
DA:87,0
LF:27
LH:0
BRDA:9,0,0,0
BRDA:9,0,1,0
BRDA:10,1,0,0
BRDA:10,1,1,0
BRDA:11,2,0,0
BRDA:11,2,1,0
BRDA:12,3,0,0
BRDA:12,3,1,0
BRDA:13,4,0,0
BRDA:13,4,1,0
BRDA:70,5,0,0
BRDA:70,5,1,0
BRDA:83,6,0,0
BRDA:83,6,1,0
BRF:14
BRH:0
end_of_record
TN:
SF:apps\payment-service\src\modules\subscription\subscription.controller.ts
FN:28,(anonymous_4)
FN:33,(anonymous_5)
FN:41,(anonymous_6)
FN:49,(anonymous_7)
FN:57,(anonymous_8)
FN:65,(anonymous_9)
FN:77,(anonymous_10)
FN:85,(anonymous_11)
FNF:8
FNH:0
FNDA:0,(anonymous_4)
FNDA:0,(anonymous_5)
FNDA:0,(anonymous_6)
FNDA:0,(anonymous_7)
FNDA:0,(anonymous_8)
FNDA:0,(anonymous_9)
FNDA:0,(anonymous_10)
FNDA:0,(anonymous_11)
DA:1,0
DA:11,0
DA:17,0
DA:18,0
DA:19,0
DA:20,0
DA:27,0
DA:28,0
DA:33,0
DA:34,0
DA:35,0
DA:41,0
DA:42,0
DA:43,0
DA:49,0
DA:50,0
DA:51,0
DA:57,0
DA:58,0
DA:59,0
DA:65,0
DA:70,0
DA:71,0
DA:77,0
DA:78,0
DA:79,0
DA:85,0
DA:86,0
DA:87,0
LF:29
LH:0
BRF:0
BRH:0
end_of_record
TN:
SF:apps\payment-service\src\modules\subscription\subscription.module.ts
FNF:0
FNH:0
DA:1,0
DA:2,0
DA:3,0
DA:4,0
DA:12,0
LF:5
LH:0
BRF:0
BRH:0
end_of_record
TN:
SF:apps\payment-service\src\modules\subscription\subscription.service.ts
FN:10,(anonymous_2)
FN:15,(anonymous_3)
FN:64,(anonymous_4)
FN:93,(anonymous_5)
FN:106,(anonymous_6)
FN:116,(anonymous_7)
FN:133,(anonymous_8)
FN:157,(anonymous_9)
FN:186,(anonymous_10)
FN:195,(anonymous_11)
FN:206,(anonymous_12)
FNF:11
FNH:0
FNDA:0,(anonymous_2)
FNDA:0,(anonymous_3)
FNDA:0,(anonymous_4)
FNDA:0,(anonymous_5)
FNDA:0,(anonymous_6)
FNDA:0,(anonymous_7)
FNDA:0,(anonymous_8)
FNDA:0,(anonymous_9)
FNDA:0,(anonymous_10)
FNDA:0,(anonymous_11)
FNDA:0,(anonymous_12)
DA:1,0
DA:2,0
DA:5,0
DA:6,0
DA:9,0
DA:11,0
DA:12,0
DA:16,0
DA:19,0
DA:20,0
DA:21,0
DA:25,0
DA:29,0
DA:31,0
DA:32,0
DA:36,0
DA:37,0
DA:38,0
DA:40,0
DA:50,0
DA:51,0
DA:57,0
DA:65,0
DA:82,0
DA:83,0
DA:87,0
DA:94,0
DA:99,0
DA:100,0
DA:103,0
DA:107,0
DA:109,0
DA:117,0
DA:119,0
DA:120,0
DA:123,0
DA:134,0
DA:136,0
DA:137,0
DA:140,0
DA:142,0
DA:143,0
DA:144,0
DA:146,0
DA:158,0
DA:160,0
DA:161,0
DA:170,0
DA:171,0
DA:172,0
DA:176,0
DA:187,0
DA:196,0
DA:203,0
DA:204,0
DA:206,0
DA:212,0
LF:57
LH:0
BRDA:20,0,0,0
BRDA:29,1,0,0
BRDA:29,2,0,0
BRDA:29,2,1,0
BRDA:31,3,0,0
BRDA:50,4,0,0
BRDA:50,4,1,0
BRDA:82,5,0,0
BRDA:89,6,0,0
BRDA:89,6,1,0
BRDA:99,7,0,0
BRDA:119,8,0,0
BRDA:136,9,0,0
BRDA:136,10,0,0
BRDA:136,10,1,0
BRDA:160,11,0,0
BRDA:171,12,0,0
BRDA:171,12,1,0
BRDA:172,13,0,0
BRDA:172,13,1,0
BRDA:203,14,0,0
BRF:21
BRH:0
end_of_record
TN:
SF:apps\payment-service\src\strategies\jwt.strategy.ts
FN:8,(anonymous_2)
FN:16,(anonymous_3)
FNF:2
FNH:0
FNDA:0,(anonymous_2)
FNDA:0,(anonymous_3)
DA:1,0
DA:2,0
DA:3,0
DA:4,0
DA:7,0
DA:8,0
DA:9,0
DA:17,0
LF:8
LH:0
BRF:0
BRH:0
end_of_record
TN:
SF:apps\user-service\src\app.module.ts
FN:25,(anonymous_1)
FNF:1
FNH:0
FNDA:0,(anonymous_1)
DA:1,0
DA:2,0
DA:3,0
DA:4,0
DA:5,0
DA:6,0
DA:7,0
DA:8,0
DA:9,0
DA:25,0
DA:47,0
LF:11
LH:0
BRF:0
BRH:0
end_of_record
TN:
SF:apps\user-service\src\dto\create-user.dto.ts
FN:14,(anonymous_2)
FNF:1
FNH:0
FNDA:0,(anonymous_2)
DA:1,0
DA:2,0
DA:12,0
DA:14,0
DA:22,0
DA:36,0
DA:49,0
DA:58,0
DA:67,0
DA:76,0
DA:84,0
LF:11
LH:0
BRF:0
BRH:0
end_of_record
TN:
SF:apps\user-service\src\dto\query-user.dto.ts
FN:14,(anonymous_2)
FN:21,(anonymous_3)
FN:33,(anonymous_4)
FN:68,(anonymous_5)
FNF:4
FNH:0
FNDA:0,(anonymous_2)
FNDA:0,(anonymous_3)
FNDA:0,(anonymous_4)
FNDA:0,(anonymous_5)
DA:1,0
DA:2,0
DA:11,0
DA:12,0
DA:14,0
DA:21,0
DA:24,0
DA:33,0
DA:37,0
DA:45,0
DA:53,0
DA:61,0
DA:69,0
DA:70,0
DA:71,0
DA:74,0
DA:82,0
DA:91,0
DA:100,0
DA:103,0
DA:110,0
DA:118,0
DA:126,0
LF:23
LH:0
BRDA:69,0,0,0
BRDA:70,1,0,0
BRF:2
BRH:0
end_of_record
TN:
SF:apps\user-service\src\dto\update-user.dto.ts
FNF:0
FNH:0
DA:1,0
DA:2,0
DA:11,0
DA:12,0
DA:14,0
DA:28,0
DA:36,0
DA:44,0
DA:52,0
DA:60,0
DA:63,0
DA:69,0
DA:82,0
LF:13
LH:0
BRF:0
BRH:0
end_of_record
TN:
SF:apps\user-service\src\dto\user-response.dto.ts
FN:88,(anonymous_2)
FN:62,(anonymous_3)
FN:70,(anonymous_4)
FN:78,(anonymous_5)
FN:155,(anonymous_6)
FN:205,(anonymous_7)
FNF:6
FNH:0
FNDA:0,(anonymous_2)
FNDA:0,(anonymous_3)
FNDA:0,(anonymous_4)
FNDA:0,(anonymous_5)
FNDA:0,(anonymous_6)
FNDA:0,(anonymous_7)
DA:1,0
DA:2,0
DA:3,0
DA:5,0
DA:11,0
DA:18,0
DA:25,0
DA:33,0
DA:41,0
DA:48,0
DA:55,0
DA:62,0
DA:63,0
DA:70,0
DA:71,0
DA:78,0
DA:79,0
DA:83,0
DA:86,0
DA:89,0
DA:93,0
DA:106,0
DA:122,0
DA:130,0
DA:136,0
DA:148,0
DA:156,0
DA:157,0
DA:161,0
DA:167,0
DA:174,0
DA:181,0
DA:192,0
DA:203,0
DA:206,0
LF:35
LH:0
BRF:0
BRH:0
end_of_record
TN:
SF:apps\user-service\src\filters\all-exceptions.filter.ts
FN:26,(anonymous_1)
FN:29,(anonymous_2)
FN:45,(anonymous_3)
FN:126,(anonymous_4)
FNF:4
FNH:0
FNDA:0,(anonymous_1)
FNDA:0,(anonymous_2)
FNDA:0,(anonymous_3)
FNDA:0,(anonymous_4)
DA:1,0
DA:10,0
DA:26,0
DA:27,0
DA:30,0
DA:31,0
DA:32,0
DA:34,0
DA:37,0
DA:42,0
DA:46,0
DA:47,0
DA:48,0
DA:49,0
DA:52,0
DA:53,0
DA:54,0
DA:56,0
DA:71,0
DA:72,0
DA:73,0
DA:91,0
DA:92,0
DA:107,0
DA:127,0
DA:129,0
DA:134,0
DA:139,0
DA:144,0
DA:149,0
DA:154,0
DA:159,0
LF:32
LH:0
BRDA:39,0,0,0
BRDA:39,0,1,0
BRDA:52,1,0,0
BRDA:60,2,0,0
BRDA:60,2,1,0
BRDA:60,3,0,0
BRDA:60,3,1,0
BRDA:61,4,0,0
BRDA:61,4,1,0
BRDA:71,5,0,0
BRDA:91,6,0,0
BRDA:91,7,0,0
BRDA:91,7,1,0
BRDA:112,8,0,0
BRDA:112,8,1,0
BRDA:114,9,0,0
BRDA:114,9,1,0
BRDA:115,10,0,0
BRDA:115,10,1,0
BRDA:127,11,0,0
BRDA:127,11,1,0
BRDA:127,11,2,0
BRDA:127,11,3,0
BRDA:127,11,4,0
BRDA:127,11,5,0
BRDA:127,11,6,0
BRF:26
BRH:0
end_of_record
TN:
SF:apps\user-service\src\interceptors\response.interceptor.ts
FN:26,(anonymous_1)
FN:33,(anonymous_2)
FNF:2
FNH:0
FNDA:0,(anonymous_1)
FNDA:0,(anonymous_2)
DA:1,0
DA:8,0
DA:25,0
DA:27,0
DA:28,0
DA:29,0
DA:30,0
DA:32,0
DA:34,0
DA:35,0
DA:38,0
DA:39,0
DA:40,0
DA:44,0
DA:57,0
DA:58,0
DA:59,0
DA:60,0
DA:61,0
DA:62,0
DA:63,0
DA:64,0
DA:65,0
DA:66,0
DA:67,0
DA:69,0
DA:73,0
LF:27
LH:0
BRDA:39,0,0,0
BRDA:57,1,0,0
BRDA:57,1,1,0
BRDA:59,2,0,0
BRDA:59,2,1,0
BRDA:59,3,0,0
BRDA:59,3,1,0
BRDA:61,4,0,0
BRDA:61,4,1,0
BRDA:63,5,0,0
BRDA:64,6,0,0
BRDA:64,6,1,0
BRDA:66,7,0,0
BRDA:66,7,1,0
BRDA:66,8,0,0
BRDA:66,8,1,0
BRDA:66,8,2,0
BRF:17
BRH:0
end_of_record
TN:
SF:apps\user-service\src\modules\ai-config\ai-config.controller.ts
FN:17,(anonymous_4)
FN:21,(anonymous_5)
FN:27,(anonymous_6)
FN:33,(anonymous_7)
FN:42,(anonymous_8)
FN:54,(anonymous_9)
FN:63,(anonymous_10)
FNF:7
FNH:0
FNDA:0,(anonymous_4)
FNDA:0,(anonymous_5)
FNDA:0,(anonymous_6)
FNDA:0,(anonymous_7)
FNDA:0,(anonymous_8)
FNDA:0,(anonymous_9)
FNDA:0,(anonymous_10)
DA:1,0
DA:2,0
DA:3,0
DA:4,0
DA:10,0
DA:16,0
DA:17,0
DA:21,0
DA:22,0
DA:27,0
DA:28,0
DA:33,0
DA:37,0
DA:42,0
DA:47,0
DA:54,0
DA:55,0
DA:56,0
DA:63,0
DA:64,0
DA:65,0
LF:21
LH:0
BRF:0
BRH:0
end_of_record
TN:
SF:apps\user-service\src\modules\ai-config\ai-config.module.ts
FNF:0
FNH:0
DA:1,0
DA:2,0
DA:3,0
DA:4,0
DA:12,0
LF:5
LH:0
BRF:0
BRH:0
end_of_record
TN:
SF:apps\user-service\src\modules\ai-config\ai-config.service.ts
FN:18,(anonymous_2)
FN:23,(anonymous_3)
FN:44,(anonymous_4)
FN:50,(anonymous_5)
FN:62,(anonymous_6)
FN:78,(anonymous_7)
FN:82,(anonymous_8)
FN:102,(anonymous_9)
FN:108,(anonymous_10)
FN:126,(anonymous_11)
FN:186,(anonymous_12)
FN:243,(anonymous_13)
FN:260,(anonymous_14)
FN:285,(anonymous_15)
FN:301,(anonymous_16)
FN:311,(anonymous_17)
FN:326,(anonymous_18)
FNF:17
FNH:0
FNDA:0,(anonymous_2)
FNDA:0,(anonymous_3)
FNDA:0,(anonymous_4)
FNDA:0,(anonymous_5)
FNDA:0,(anonymous_6)
FNDA:0,(anonymous_7)
FNDA:0,(anonymous_8)
FNDA:0,(anonymous_9)
FNDA:0,(anonymous_10)
FNDA:0,(anonymous_11)
FNDA:0,(anonymous_12)
FNDA:0,(anonymous_13)
FNDA:0,(anonymous_14)
FNDA:0,(anonymous_15)
FNDA:0,(anonymous_16)
FNDA:0,(anonymous_17)
FNDA:0,(anonymous_18)
DA:1,0
DA:2,0
DA:3,0
DA:11,0
DA:14,0
DA:15,0
DA:16,0
DA:18,0
DA:25,0
DA:32,0
DA:33,0
DA:37,0
DA:41,0
DA:42,0
DA:43,0
DA:44,0
DA:46,0
DA:50,0
DA:57,0
DA:62,0
DA:77,0
DA:78,0
DA:79,0
DA:80,0
DA:82,0
DA:83,0
DA:84,0
DA:85,0
DA:86,0
DA:87,0
DA:88,0
DA:92,0
DA:103,0
DA:108,0
DA:128,0
DA:133,0
DA:134,0
DA:143,0
DA:144,0
DA:151,0
DA:154,0
DA:168,0
DA:192,0
DA:196,0
DA:197,0
DA:201,0
DA:202,0
DA:209,0
DA:210,0
DA:211,0
DA:212,0
DA:213,0
DA:214,0
DA:215,0
DA:216,0
DA:217,0
DA:220,0
DA:225,0
DA:244,0
DA:248,0
DA:249,0
DA:252,0
DA:261,0
DA:265,0
DA:266,0
DA:270,0
DA:276,0
DA:286,0
DA:289,0
DA:290,0
DA:295,0
DA:302,0
DA:303,0
DA:305,0
DA:312,0
DA:313,0
DA:318,0
DA:319,0
DA:320,0
DA:327,0
DA:328,0
DA:329,0
DA:330,0
DA:331,0
DA:336,0
DA:337,0
DA:338,0
DA:340,0
LF:88
LH:0
BRDA:15,0,0,0
BRDA:15,0,1,0
BRDA:32,1,0,0
BRDA:42,2,0,0
BRDA:44,3,0,0
BRDA:44,3,1,0
BRDA:79,4,0,0
BRDA:79,4,1,0
BRDA:83,5,0,0
BRDA:83,5,1,0
BRDA:85,6,0,0
BRDA:85,6,1,0
BRDA:87,7,0,0
BRDA:133,8,0,0
BRDA:143,9,0,0
BRDA:162,10,0,0
BRDA:162,10,1,0
BRDA:163,11,0,0
BRDA:163,11,1,0
BRDA:164,12,0,0
BRDA:164,12,1,0
BRDA:196,13,0,0
BRDA:201,14,0,0
BRDA:210,15,0,0
BRDA:211,16,0,0
BRDA:212,17,0,0
BRDA:213,18,0,0
BRDA:214,19,0,0
BRDA:215,20,0,0
BRDA:216,21,0,0
BRDA:217,22,0,0
BRDA:248,23,0,0
BRDA:265,24,0,0
BRDA:289,25,0,0
BRDA:289,26,0,0
BRDA:289,26,1,0
BRDA:302,27,0,0
BRF:37
BRH:0
end_of_record
TN:
SF:apps\user-service\src\modules\health\health.controller.ts
FN:15,(anonymous_2)
FN:47,(anonymous_3)
FN:50,(anonymous_4)
FN:53,(anonymous_5)
FN:56,(anonymous_6)
FN:70,(anonymous_7)
FN:73,(anonymous_8)
FN:101,(anonymous_9)
FN:104,(anonymous_10)
FN:107,(anonymous_11)
FN:123,(anonymous_12)
FNF:11
FNH:0
FNDA:0,(anonymous_2)
FNDA:0,(anonymous_3)
FNDA:0,(anonymous_4)
FNDA:0,(anonymous_5)
FNDA:0,(anonymous_6)
FNDA:0,(anonymous_7)
FNDA:0,(anonymous_8)
FNDA:0,(anonymous_9)
FNDA:0,(anonymous_10)
FNDA:0,(anonymous_11)
FNDA:0,(anonymous_12)
DA:1,0
DA:2,0
DA:3,0
DA:10,0
DA:14,0
DA:16,0
DA:17,0
DA:18,0
DA:19,0
DA:20,0
DA:47,0
DA:48,0
DA:50,0
DA:53,0
DA:56,0
DA:70,0
DA:71,0
DA:73,0
DA:101,0
DA:102,0
DA:104,0
DA:107,0
DA:123,0
DA:124,0
DA:126,0
LF:25
LH:0
BRDA:134,0,0,0
BRDA:134,0,1,0
BRF:2
BRH:0
end_of_record
TN:
SF:apps\user-service\src\modules\health\health.module.ts
FNF:0
FNH:0
DA:1,0
DA:2,0
DA:3,0
DA:4,0
DA:11,0
LF:5
LH:0
BRF:0
BRH:0
end_of_record
TN:
SF:apps\user-service\src\modules\health\health.service.ts
FN:6,(anonymous_2)
FN:11,(anonymous_3)
FN:23,(anonymous_4)
FN:54,(anonymous_5)
FN:77,(anonymous_6)
FNF:5
FNH:0
FNDA:0,(anonymous_2)
FNDA:0,(anonymous_3)
FNDA:0,(anonymous_4)
FNDA:0,(anonymous_5)
FNDA:0,(anonymous_6)
DA:1,0
DA:2,0
DA:5,0
DA:6,0
DA:12,0
DA:13,0
DA:14,0
DA:16,0
DA:28,0
DA:30,0
DA:33,0
DA:38,0
DA:44,0
DA:55,0
DA:56,0
DA:58,0
DA:78,0
DA:79,0
DA:81,0
LF:19
LH:0
BRDA:83,0,0,0
BRDA:83,0,1,0
BRDA:87,1,0,0
BRDA:87,1,1,0
BRF:4
BRH:0
end_of_record
TN:
SF:apps\user-service\src\modules\user\user.controller.ts
FN:37,(anonymous_4)
FN:57,(anonymous_5)
FN:82,(anonymous_6)
FN:101,(anonymous_7)
FN:122,(anonymous_8)
FN:147,(anonymous_9)
FN:168,(anonymous_10)
FN:196,(anonymous_11)
FN:221,(anonymous_12)
FN:243,(anonymous_13)
FN:265,(anonymous_14)
FNF:11
FNH:0
FNDA:0,(anonymous_4)
FNDA:0,(anonymous_5)
FNDA:0,(anonymous_6)
FNDA:0,(anonymous_7)
FNDA:0,(anonymous_8)
FNDA:0,(anonymous_9)
FNDA:0,(anonymous_10)
FNDA:0,(anonymous_11)
FNDA:0,(anonymous_12)
FNDA:0,(anonymous_13)
FNDA:0,(anonymous_14)
DA:1,0
DA:14,0
DA:22,0
DA:23,0
DA:24,0
DA:25,0
DA:26,0
DA:32,0
DA:36,0
DA:37,0
DA:57,0
DA:58,0
DA:82,0
DA:83,0
DA:101,0
DA:102,0
DA:122,0
DA:123,0
DA:124,0
DA:125,0
DA:127,0
DA:147,0
DA:148,0
DA:168,0
DA:172,0
DA:196,0
DA:200,0
DA:201,0
DA:221,0
DA:222,0
DA:223,0
DA:243,0
DA:244,0
DA:245,0
DA:265,0
DA:266,0
DA:267,0
LF:37
LH:0
BRDA:124,0,0,0
BRF:1
BRH:0
end_of_record
TN:
SF:apps\user-service\src\modules\user\user.module.ts
FNF:0
FNH:0
DA:1,0
DA:2,0
DA:3,0
DA:10,0
LF:4
LH:0
BRF:0
BRH:0
end_of_record
TN:
SF:apps\user-service\src\modules\user\user.service.ts
FN:13,(anonymous_2)
FN:18,(anonymous_3)
FN:44,(anonymous_4)
FN:56,(anonymous_5)
FN:98,(anonymous_6)
FN:132,(anonymous_7)
FN:151,(anonymous_8)
FN:184,(anonymous_9)
FN:204,(anonymous_10)
FN:234,(anonymous_11)
FN:271,(anonymous_12)
FN:295,(anonymous_13)
FN:314,(anonymous_14)
FN:347,(anonymous_15)
FN:352,(anonymous_16)
FN:369,(anonymous_17)
FNF:16
FNH:0
FNDA:0,(anonymous_2)
FNDA:0,(anonymous_3)
FNDA:0,(anonymous_4)
FNDA:0,(anonymous_5)
FNDA:0,(anonymous_6)
FNDA:0,(anonymous_7)
FNDA:0,(anonymous_8)
FNDA:0,(anonymous_9)
FNDA:0,(anonymous_10)
FNDA:0,(anonymous_11)
FNDA:0,(anonymous_12)
FNDA:0,(anonymous_13)
FNDA:0,(anonymous_14)
FNDA:0,(anonymous_15)
FNDA:0,(anonymous_16)
FNDA:0,(anonymous_17)
DA:1,0
DA:2,0
DA:6,0
DA:7,0
DA:8,0
DA:9,0
DA:12,0
DA:13,0
DA:19,0
DA:20,0
DA:22,0
DA:24,0
DA:27,0
DA:31,0
DA:32,0
DA:35,0
DA:38,0
DA:45,0
DA:46,0
DA:47,0
DA:48,0
DA:50,0
DA:58,0
DA:62,0
DA:63,0
DA:67,0
DA:68,0
DA:71,0
DA:74,0
DA:90,0
DA:99,0
DA:101,0
DA:104,0
DA:106,0
DA:107,0
DA:113,0
DA:114,0
DA:115,0
DA:116,0
DA:119,0
DA:132,0
DA:133,0
DA:138,0
DA:140,0
DA:152,0
DA:164,0
DA:165,0
DA:168,0
DA:185,0
DA:192,0
DA:193,0
DA:196,0
DA:206,0
DA:210,0
DA:211,0
DA:215,0
DA:226,0
DA:236,0
DA:240,0
DA:241,0
DA:245,0
DA:250,0
DA:251,0
DA:255,0
DA:256,0
DA:259,0
DA:273,0
DA:277,0
DA:278,0
DA:282,0
DA:297,0
DA:301,0
DA:302,0
DA:306,0
DA:315,0
DA:317,0
DA:318,0
DA:319,0
DA:320,0
DA:321,0
DA:322,0
DA:326,0
DA:333,0
DA:340,0
DA:347,0
DA:348,0
DA:349,0
DA:352,0
DA:353,0
DA:354,0
DA:357,0
DA:370,0
LF:92
LH:0
BRDA:31,0,0,0
BRDA:62,1,0,0
BRDA:78,2,0,0
BRDA:78,2,1,0
BRDA:79,3,0,0
BRDA:79,3,1,0
BRDA:80,4,0,0
BRDA:80,4,1,0
BRDA:99,5,0,0
BRDA:99,6,0,0
BRDA:99,7,0,0
BRDA:99,8,0,0
BRDA:106,9,0,0
BRDA:113,10,0,0
BRDA:114,11,0,0
BRDA:115,12,0,0
BRDA:116,13,0,0
BRDA:164,14,0,0
BRDA:170,15,0,0
BRDA:170,15,1,0
BRDA:192,16,0,0
BRDA:210,17,0,0
BRDA:240,18,0,0
BRDA:250,19,0,0
BRDA:277,20,0,0
BRDA:301,21,0,0
BRDA:318,22,0,0
BRDA:319,23,0,0
BRDA:319,24,0,0
BRDA:319,24,1,0
BRDA:321,25,0,0
BRDA:322,26,0,0
BRF:32
BRH:0
end_of_record
TN:
SF:apps\user-service\src\strategies\jwt.strategy.ts
FN:18,(anonymous_2)
FN:32,(anonymous_3)
FNF:2
FNH:0
FNDA:0,(anonymous_2)
FNDA:0,(anonymous_3)
DA:1,0
DA:2,0
DA:3,0
DA:4,0
DA:5,0
DA:17,0
DA:19,0
DA:20,0
DA:22,0
DA:33,0
DA:36,0
DA:48,0
DA:49,0
DA:52,0
DA:53,0
DA:57,0
LF:16
LH:0
BRDA:48,0,0,0
BRDA:52,1,0,0
BRF:2
BRH:0
end_of_record
TN:
SF:libs\auth\src\decorators\subscription.decorator.ts
FN:6,(anonymous_0)
FN:9,(anonymous_1)
FN:12,(anonymous_2)
FN:15,(anonymous_3)
FNF:4
FNH:0
FNDA:0,(anonymous_0)
FNDA:0,(anonymous_1)
FNDA:0,(anonymous_2)
FNDA:0,(anonymous_3)
DA:1,0
DA:4,0
DA:6,0
DA:7,0
DA:9,0
DA:10,0
DA:12,0
DA:13,0
DA:15,0
DA:16,0
LF:10
LH:0
BRF:0
BRH:0
end_of_record
TN:
SF:libs\common\src\index.ts
FNF:0
FNH:0
DA:1,0
DA:2,0
DA:3,0
DA:4,0
DA:5,0
DA:6,0
LF:6
LH:0
BRF:0
BRH:0
end_of_record
TN:
SF:libs\common\src\decorators\index.ts
FNF:0
FNH:0
DA:1,0
DA:2,0
LF:2
LH:0
BRF:0
BRH:0
end_of_record
TN:
SF:libs\common\src\decorators\tenant.decorator.ts
FN:4,(anonymous_0)
FN:11,(anonymous_1)
FNF:2
FNH:0
FNDA:0,(anonymous_0)
FNDA:0,(anonymous_1)
DA:1,0
DA:3,0
DA:5,0
DA:6,0
DA:10,0
DA:12,0
DA:13,0
LF:7
LH:0
BRDA:6,0,0,0
BRDA:6,0,1,0
BRDA:13,1,0,0
BRDA:13,1,1,0
BRF:4
BRH:0
end_of_record
TN:
SF:libs\common\src\decorators\user.decorator.ts
FN:4,(anonymous_0)
FN:11,(anonymous_1)
FNF:2
FNH:0
FNDA:0,(anonymous_0)
FNDA:0,(anonymous_1)
DA:1,0
DA:3,0
DA:5,0
DA:6,0
DA:10,0
DA:12,0
DA:13,0
DA:15,0
LF:8
LH:0
BRDA:15,0,0,0
BRDA:15,0,1,0
BRF:2
BRH:0
end_of_record
TN:
SF:libs\common\src\dto\ai-config.dto.ts
FN:10,(anonymous_2)
FN:22,(anonymous_3)
FN:96,(anonymous_4)
FN:137,(anonymous_5)
FN:142,(anonymous_6)
FN:152,(anonymous_7)
FN:161,(anonymous_8)
FN:185,(anonymous_9)
FN:195,(anonymous_10)
FN:224,(anonymous_11)
FN:262,(anonymous_12)
FN:311,(anonymous_13)
FN:313,(anonymous_14)
FN:325,(anonymous_15)
FNF:14
FNH:0
FNDA:0,(anonymous_2)
FNDA:0,(anonymous_3)
FNDA:0,(anonymous_4)
FNDA:0,(anonymous_5)
FNDA:0,(anonymous_6)
FNDA:0,(anonymous_7)
FNDA:0,(anonymous_8)
FNDA:0,(anonymous_9)
FNDA:0,(anonymous_10)
FNDA:0,(anonymous_11)
FNDA:0,(anonymous_12)
FNDA:0,(anonymous_13)
FNDA:0,(anonymous_14)
FNDA:0,(anonymous_15)
DA:1,0
DA:2,0
DA:3,0
DA:10,0
DA:11,0
DA:12,0
DA:13,0
DA:14,0
DA:22,0
DA:27,0
DA:33,0
DA:39,0
DA:45,0
DA:50,0
DA:56,0
DA:60,0
DA:66,0
DA:70,0
DA:75,0
DA:80,0
DA:85,0
DA:90,0
DA:96,0
DA:99,0
DA:103,0
DA:106,0
DA:110,0
DA:114,0
DA:118,0
DA:122,0
DA:126,0
DA:130,0
DA:134,0
DA:137,0
DA:139,0
DA:142,0
DA:144,0
DA:150,0
DA:152,0
DA:153,0
DA:159,0
DA:161,0
DA:162,0
DA:168,0
DA:170,0
DA:174,0
DA:178,0
DA:182,0
DA:185,0
DA:187,0
DA:195,0
DA:198,0
DA:201,0
DA:205,0
DA:209,0
DA:213,0
DA:217,0
DA:221,0
DA:224,0
DA:226,0
DA:232,0
DA:235,0
DA:239,0
DA:243,0
DA:247,0
DA:251,0
DA:255,0
DA:259,0
DA:262,0
DA:264,0
DA:270,0
DA:287,0
DA:298,0
DA:301,0
DA:305,0
DA:311,0
DA:313,0
DA:314,0
DA:318,0
DA:322,0
DA:325,0
DA:327,0
DA:333,0
DA:344,0
LF:84
LH:0
BRDA:10,0,0,0
BRDA:10,0,1,0
BRF:2
BRH:0
end_of_record
TN:
SF:libs\common\src\guards\index.ts
FNF:0
FNH:0
DA:1,0
DA:2,0
LF:2
LH:0
BRF:0
BRH:0
end_of_record
TN:
SF:libs\common\src\guards\jwt-auth.guard.ts
FN:6,(anonymous_1)
FNF:1
FNH:0
FNDA:0,(anonymous_1)
DA:1,0
DA:2,0
DA:5,0
DA:7,0
DA:8,0
DA:10,0
LF:6
LH:0
BRDA:7,0,0,0
BRDA:7,1,0,0
BRDA:7,1,1,0
BRDA:8,2,0,0
BRDA:8,2,1,0
BRF:5
BRH:0
end_of_record
TN:
SF:libs\common\src\guards\tenant.guard.ts
FN:5,(anonymous_1)
FNF:1
FNH:0
FNDA:0,(anonymous_1)
DA:1,0
DA:4,0
DA:6,0
DA:7,0
DA:9,0
DA:11,0
DA:14,0
DA:16,0
LF:8
LH:0
BRDA:7,0,0,0
BRDA:7,0,1,0
BRDA:9,1,0,0
BRF:3
BRH:0
end_of_record
TN:
SF:libs\database\src\database.module.ts
FNF:0
FNH:0
DA:1,0
DA:2,0
DA:3,0
DA:11,0
LF:4
LH:0
BRF:0
BRH:0
end_of_record
TN:
SF:libs\database\src\index.ts
FNF:0
FNH:0
DA:1,0
DA:2,0
LF:2
LH:0
BRF:0
BRH:0
end_of_record
TN:
SF:libs\database\src\prisma.service.ts
FN:9,(anonymous_2)
FN:20,(anonymous_3)
FN:33,(anonymous_4)
FN:41,(anonymous_5)
FN:54,(anonymous_6)
FN:74,(anonymous_7)
FN:98,(anonymous_8)
FNF:7
FNH:0
FNDA:0,(anonymous_2)
FNDA:0,(anonymous_3)
FNDA:0,(anonymous_4)
FNDA:0,(anonymous_5)
FNDA:0,(anonymous_6)
FNDA:0,(anonymous_7)
FNDA:0,(anonymous_8)
DA:1,0
DA:2,0
DA:3,0
DA:6,0
DA:7,0
DA:9,0
DA:10,0
DA:21,0
DA:22,0
DA:23,0
DA:26,0
DA:28,0
DA:34,0
DA:35,0
DA:42,0
DA:43,0
DA:44,0
DA:46,0
DA:47,0
DA:55,0
DA:56,0
DA:64,0
DA:66,0
DA:67,0
DA:75,0
DA:76,0
DA:88,0
DA:90,0
DA:91,0
DA:99,0
DA:100,0
DA:101,0
DA:104,0
DA:113,0
DA:122,0
DA:134,0
DA:139,0
DA:145,0
DA:146,0
LF:39
LH:0
BRF:0
BRH:0
end_of_record
